2024-09-26 13:14:28,199:WARNING:
'cuml' is a soft dependency and not included in the pycaret installation. Please run: `pip install cuml` to install.
2024-09-26 13:14:28,200:WARNING:
'cuml' is a soft dependency and not included in the pycaret installation. Please run: `pip install cuml` to install.
2024-09-26 13:14:28,200:WARNING:
'cuml' is a soft dependency and not included in the pycaret installation. Please run: `pip install cuml` to install.
2024-09-26 13:14:28,200:WARNING:
'cuml' is a soft dependency and not included in the pycaret installation. Please run: `pip install cuml` to install.
2024-09-26 13:14:28,489:INFO:PyCaret RegressionExperiment
2024-09-26 13:14:28,490:INFO:Logging name: reg-default-name
2024-09-26 13:14:28,490:INFO:ML Usecase: MLUsecase.REGRESSION
2024-09-26 13:14:28,490:INFO:version 3.2.0
2024-09-26 13:14:28,490:INFO:Initializing setup()
2024-09-26 13:14:28,490:INFO:self.USI: 43ea
2024-09-26 13:14:28,490:INFO:self._variable_keys: {'USI', 'data', 'logging_param', 'transform_target_param', 'memory', 'target_param', 'html_param', '_ml_usecase', 'gpu_param', 'fold_generator', 'X_test', 'log_plots_param', '_available_plots', 'exp_id', 'n_jobs_param', 'X', 'fold_shuffle_param', 'y_train', 'X_train', 'y_test', 'gpu_n_jobs_param', 'idx', 'pipeline', 'seed', 'y', 'fold_groups_param', 'exp_name_log'}
2024-09-26 13:14:28,491:INFO:Checking environment
2024-09-26 13:14:28,491:INFO:python_version: 3.11.7
2024-09-26 13:14:28,491:INFO:python_build: ('main', 'Dec 15 2023 18:05:47')
2024-09-26 13:14:28,491:INFO:machine: AMD64
2024-09-26 13:14:28,491:INFO:platform: Windows-10-10.0.22621-SP0
2024-09-26 13:14:28,494:INFO:Memory: svmem(total=34205749248, available=19579244544, percent=42.8, used=14626504704, free=19579244544)
2024-09-26 13:14:28,497:INFO:Physical Core: 4
2024-09-26 13:14:28,497:INFO:Logical Core: 8
2024-09-26 13:14:28,497:INFO:Checking libraries
2024-09-26 13:14:28,497:INFO:System:
2024-09-26 13:14:28,497:INFO:    python: 3.11.7 | packaged by Anaconda, Inc. | (main, Dec 15 2023, 18:05:47) [MSC v.1916 64 bit (AMD64)]
2024-09-26 13:14:28,497:INFO:executable: c:\Users\A02291312\AppData\Local\anaconda3\envs\deep_forecasting\python.exe
2024-09-26 13:14:28,497:INFO:   machine: Windows-10-10.0.22621-SP0
2024-09-26 13:14:28,497:INFO:PyCaret required dependencies:
2024-09-26 13:14:29,273:INFO:                 pip: 23.3.1
2024-09-26 13:14:29,289:INFO:          setuptools: 68.2.2
2024-09-26 13:14:29,289:INFO:             pycaret: 3.2.0
2024-09-26 13:14:29,289:INFO:             IPython: 8.20.0
2024-09-26 13:14:29,289:INFO:          ipywidgets: 8.1.1
2024-09-26 13:14:29,289:INFO:                tqdm: 4.66.1
2024-09-26 13:14:29,289:INFO:               numpy: 1.25.2
2024-09-26 13:14:29,289:INFO:              pandas: 1.5.3
2024-09-26 13:14:29,289:INFO:              jinja2: 3.1.3
2024-09-26 13:14:29,290:INFO:               scipy: 1.10.1
2024-09-26 13:14:29,290:INFO:              joblib: 1.3.2
2024-09-26 13:14:29,290:INFO:             sklearn: 1.2.2
2024-09-26 13:14:29,290:INFO:                pyod: 1.1.2
2024-09-26 13:14:29,290:INFO:            imblearn: 0.12.0
2024-09-26 13:14:29,290:INFO:   category_encoders: 2.6.3
2024-09-26 13:14:29,290:INFO:            lightgbm: 4.3.0
2024-09-26 13:14:29,290:INFO:               numba: 0.58.1
2024-09-26 13:14:29,290:INFO:            requests: 2.31.0
2024-09-26 13:14:29,290:INFO:          matplotlib: 3.6.0
2024-09-26 13:14:29,290:INFO:          scikitplot: 0.3.7
2024-09-26 13:14:29,290:INFO:         yellowbrick: 1.5
2024-09-26 13:14:29,290:INFO:              plotly: 5.18.0
2024-09-26 13:14:29,290:INFO:    plotly-resampler: Not installed
2024-09-26 13:14:29,290:INFO:             kaleido: 0.2.1
2024-09-26 13:14:29,290:INFO:           schemdraw: 0.15
2024-09-26 13:14:29,290:INFO:         statsmodels: 0.14.1
2024-09-26 13:14:29,290:INFO:              sktime: 0.21.1
2024-09-26 13:14:29,290:INFO:               tbats: 1.1.3
2024-09-26 13:14:29,290:INFO:            pmdarima: 2.0.4
2024-09-26 13:14:29,290:INFO:              psutil: 5.9.8
2024-09-26 13:14:29,290:INFO:          markupsafe: 2.1.4
2024-09-26 13:14:29,290:INFO:             pickle5: Not installed
2024-09-26 13:14:29,290:INFO:         cloudpickle: 2.2.1
2024-09-26 13:14:29,290:INFO:         deprecation: 2.1.0
2024-09-26 13:14:29,290:INFO:              xxhash: 3.4.1
2024-09-26 13:14:29,290:INFO:           wurlitzer: Not installed
2024-09-26 13:14:29,290:INFO:PyCaret optional dependencies:
2024-09-26 13:14:31,507:INFO:                shap: 0.44.1
2024-09-26 13:14:31,507:INFO:           interpret: 0.5.0
2024-09-26 13:14:31,507:INFO:                umap: 0.5.5
2024-09-26 13:14:31,507:INFO:     ydata_profiling: 4.6.0
2024-09-26 13:14:31,507:INFO:  explainerdashboard: 0.4.5
2024-09-26 13:14:31,507:INFO:             autoviz: Not installed
2024-09-26 13:14:31,507:INFO:           fairlearn: 0.7.0
2024-09-26 13:14:31,507:INFO:          deepchecks: Not installed
2024-09-26 13:14:31,507:INFO:             xgboost: Not installed
2024-09-26 13:14:31,507:INFO:            catboost: 1.2.2
2024-09-26 13:14:31,507:INFO:              kmodes: 0.12.2
2024-09-26 13:14:31,507:INFO:             mlxtend: 0.23.1
2024-09-26 13:14:31,507:INFO:       statsforecast: 1.5.0
2024-09-26 13:14:31,507:INFO:        tune_sklearn: Not installed
2024-09-26 13:14:31,507:INFO:                 ray: Not installed
2024-09-26 13:14:31,507:INFO:            hyperopt: 0.2.7
2024-09-26 13:14:31,507:INFO:              optuna: 3.5.0
2024-09-26 13:14:31,507:INFO:               skopt: 0.9.0
2024-09-26 13:14:31,507:INFO:              mlflow: 1.30.1
2024-09-26 13:14:31,507:INFO:              gradio: 3.50.2
2024-09-26 13:14:31,507:INFO:             fastapi: 0.109.0
2024-09-26 13:14:31,507:INFO:             uvicorn: 0.27.0.post1
2024-09-26 13:14:31,507:INFO:              m2cgen: 0.10.0
2024-09-26 13:14:31,507:INFO:           evidently: 0.2.8
2024-09-26 13:14:31,507:INFO:               fugue: 0.8.6
2024-09-26 13:14:31,507:INFO:           streamlit: Not installed
2024-09-26 13:14:31,507:INFO:             prophet: Not installed
2024-09-26 13:14:31,507:INFO:None
2024-09-26 13:14:31,507:INFO:Set up data.
2024-09-26 13:14:31,524:INFO:Set up folding strategy.
2024-09-26 13:14:31,524:INFO:Set up train/test split.
2024-09-26 13:14:31,524:INFO:Set up index.
2024-09-26 13:14:31,524:INFO:Assigning column types.
2024-09-26 13:14:31,531:INFO:Engine successfully changes for model 'lr' to 'sklearn'.
2024-09-26 13:14:31,531:INFO:Engine for model 'lasso' has not been set explicitly, hence returning None.
2024-09-26 13:14:31,531:INFO:Engine for model 'ridge' has not been set explicitly, hence returning None.
2024-09-26 13:14:31,540:INFO:Engine for model 'en' has not been set explicitly, hence returning None.
2024-09-26 13:14:31,590:INFO:Engine for model 'svm' has not been set explicitly, hence returning None.
2024-09-26 13:14:31,657:INFO:Engine for model 'knn' has not been set explicitly, hence returning None.
2024-09-26 13:14:31,657:WARNING:
'xgboost' is a soft dependency and not included in the pycaret installation. Please run: `pip install xgboost` to install.
Alternately, you can install this by running `pip install pycaret[models]`
2024-09-26 13:14:31,657:INFO:Soft dependency imported: catboost: 1.2.2
2024-09-26 13:14:31,807:INFO:Engine for model 'lasso' has not been set explicitly, hence returning None.
2024-09-26 13:14:31,807:INFO:Engine for model 'ridge' has not been set explicitly, hence returning None.
2024-09-26 13:14:31,826:INFO:Engine for model 'en' has not been set explicitly, hence returning None.
2024-09-26 13:14:31,873:INFO:Engine for model 'svm' has not been set explicitly, hence returning None.
2024-09-26 13:14:31,924:INFO:Engine for model 'knn' has not been set explicitly, hence returning None.
2024-09-26 13:14:31,924:WARNING:
'xgboost' is a soft dependency and not included in the pycaret installation. Please run: `pip install xgboost` to install.
Alternately, you can install this by running `pip install pycaret[models]`
2024-09-26 13:14:31,924:INFO:Soft dependency imported: catboost: 1.2.2
2024-09-26 13:14:31,932:INFO:Engine successfully changes for model 'lasso' to 'sklearn'.
2024-09-26 13:14:31,932:INFO:Engine for model 'ridge' has not been set explicitly, hence returning None.
2024-09-26 13:14:31,940:INFO:Engine for model 'en' has not been set explicitly, hence returning None.
2024-09-26 13:14:32,007:INFO:Engine for model 'svm' has not been set explicitly, hence returning None.
2024-09-26 13:14:32,057:INFO:Engine for model 'knn' has not been set explicitly, hence returning None.
2024-09-26 13:14:32,057:WARNING:
'xgboost' is a soft dependency and not included in the pycaret installation. Please run: `pip install xgboost` to install.
Alternately, you can install this by running `pip install pycaret[models]`
2024-09-26 13:14:32,057:INFO:Soft dependency imported: catboost: 1.2.2
2024-09-26 13:14:32,057:INFO:Engine for model 'ridge' has not been set explicitly, hence returning None.
2024-09-26 13:14:32,057:INFO:Engine for model 'en' has not been set explicitly, hence returning None.
2024-09-26 13:14:32,131:INFO:Engine for model 'svm' has not been set explicitly, hence returning None.
2024-09-26 13:14:32,190:INFO:Engine for model 'knn' has not been set explicitly, hence returning None.
2024-09-26 13:14:32,190:WARNING:
'xgboost' is a soft dependency and not included in the pycaret installation. Please run: `pip install xgboost` to install.
Alternately, you can install this by running `pip install pycaret[models]`
2024-09-26 13:14:32,190:INFO:Soft dependency imported: catboost: 1.2.2
2024-09-26 13:14:32,190:INFO:Engine successfully changes for model 'ridge' to 'sklearn'.
2024-09-26 13:14:32,211:INFO:Engine for model 'en' has not been set explicitly, hence returning None.
2024-09-26 13:14:32,273:INFO:Engine for model 'svm' has not been set explicitly, hence returning None.
2024-09-26 13:14:32,340:INFO:Engine for model 'knn' has not been set explicitly, hence returning None.
2024-09-26 13:14:32,340:WARNING:
'xgboost' is a soft dependency and not included in the pycaret installation. Please run: `pip install xgboost` to install.
Alternately, you can install this by running `pip install pycaret[models]`
2024-09-26 13:14:32,340:INFO:Soft dependency imported: catboost: 1.2.2
2024-09-26 13:14:32,340:INFO:Engine for model 'en' has not been set explicitly, hence returning None.
2024-09-26 13:14:32,407:INFO:Engine for model 'svm' has not been set explicitly, hence returning None.
2024-09-26 13:14:32,446:INFO:Engine for model 'knn' has not been set explicitly, hence returning None.
2024-09-26 13:14:32,446:WARNING:
'xgboost' is a soft dependency and not included in the pycaret installation. Please run: `pip install xgboost` to install.
Alternately, you can install this by running `pip install pycaret[models]`
2024-09-26 13:14:32,446:INFO:Soft dependency imported: catboost: 1.2.2
2024-09-26 13:14:32,446:INFO:Engine successfully changes for model 'en' to 'sklearn'.
2024-09-26 13:14:32,527:INFO:Engine for model 'svm' has not been set explicitly, hence returning None.
2024-09-26 13:14:32,575:INFO:Engine for model 'knn' has not been set explicitly, hence returning None.
2024-09-26 13:14:32,576:WARNING:
'xgboost' is a soft dependency and not included in the pycaret installation. Please run: `pip install xgboost` to install.
Alternately, you can install this by running `pip install pycaret[models]`
2024-09-26 13:14:32,576:INFO:Soft dependency imported: catboost: 1.2.2
2024-09-26 13:14:32,642:INFO:Engine for model 'svm' has not been set explicitly, hence returning None.
2024-09-26 13:14:32,692:INFO:Engine for model 'knn' has not been set explicitly, hence returning None.
2024-09-26 13:14:32,692:WARNING:
'xgboost' is a soft dependency and not included in the pycaret installation. Please run: `pip install xgboost` to install.
Alternately, you can install this by running `pip install pycaret[models]`
2024-09-26 13:14:32,692:INFO:Soft dependency imported: catboost: 1.2.2
2024-09-26 13:14:32,692:INFO:Engine successfully changes for model 'knn' to 'sklearn'.
2024-09-26 13:14:32,772:INFO:Engine for model 'svm' has not been set explicitly, hence returning None.
2024-09-26 13:14:32,809:WARNING:
'xgboost' is a soft dependency and not included in the pycaret installation. Please run: `pip install xgboost` to install.
Alternately, you can install this by running `pip install pycaret[models]`
2024-09-26 13:14:32,809:INFO:Soft dependency imported: catboost: 1.2.2
2024-09-26 13:14:32,873:INFO:Engine for model 'svm' has not been set explicitly, hence returning None.
2024-09-26 13:14:32,932:WARNING:
'xgboost' is a soft dependency and not included in the pycaret installation. Please run: `pip install xgboost` to install.
Alternately, you can install this by running `pip install pycaret[models]`
2024-09-26 13:14:32,932:INFO:Soft dependency imported: catboost: 1.2.2
2024-09-26 13:14:32,932:INFO:Engine successfully changes for model 'svm' to 'sklearn'.
2024-09-26 13:14:33,040:WARNING:
'xgboost' is a soft dependency and not included in the pycaret installation. Please run: `pip install xgboost` to install.
Alternately, you can install this by running `pip install pycaret[models]`
2024-09-26 13:14:33,040:INFO:Soft dependency imported: catboost: 1.2.2
2024-09-26 13:14:33,159:WARNING:
'xgboost' is a soft dependency and not included in the pycaret installation. Please run: `pip install xgboost` to install.
Alternately, you can install this by running `pip install pycaret[models]`
2024-09-26 13:14:33,159:INFO:Soft dependency imported: catboost: 1.2.2
2024-09-26 13:14:33,159:INFO:Preparing preprocessing pipeline...
2024-09-26 13:14:33,159:INFO:Set up simple imputation.
2024-09-26 13:14:33,159:INFO:Set up feature normalization.
2024-09-26 13:14:33,190:INFO:Finished creating preprocessing pipeline.
2024-09-26 13:14:33,190:INFO:Pipeline: Pipeline(memory=FastMemory(location=C:\Users\A02291~1\AppData\Local\Temp\joblib),
         steps=[('numerical_imputer',
                 TransformerWrapper(include=['CRIM', 'ZN', 'INDUS', 'CHAS',
                                             'NOX', 'RM', 'AGE', 'DIS', 'RAD',
                                             'TAX', 'PTRATIO', 'LSTAT'],
                                    transformer=SimpleImputer())),
                ('categorical_imputer',
                 TransformerWrapper(include=[],
                                    transformer=SimpleImputer(strategy='most_frequent'))),
                ('normalize',
                 TransformerWrapper(transformer=StandardScaler()))])
2024-09-26 13:14:33,190:INFO:Creating final display dataframe.
2024-09-26 13:14:33,260:INFO:Setup _display_container:                     Description             Value
0                    Session id              1000
1                        Target             price
2                   Target type        Regression
3           Original data shape         (469, 13)
4        Transformed data shape         (469, 13)
5   Transformed train set shape         (375, 13)
6    Transformed test set shape          (94, 13)
7              Numeric features                12
8                    Preprocess              True
9               Imputation type            simple
10           Numeric imputation              mean
11       Categorical imputation              mode
12                    Normalize              True
13             Normalize method            zscore
14               Fold Generator             KFold
15                  Fold Number                 5
16                     CPU Jobs                -1
17                      Use GPU             False
18               Log Experiment             False
19              Experiment Name  reg-default-name
20                          USI              43ea
2024-09-26 13:14:33,408:WARNING:
'xgboost' is a soft dependency and not included in the pycaret installation. Please run: `pip install xgboost` to install.
Alternately, you can install this by running `pip install pycaret[models]`
2024-09-26 13:14:33,408:INFO:Soft dependency imported: catboost: 1.2.2
2024-09-26 13:14:33,524:WARNING:
'xgboost' is a soft dependency and not included in the pycaret installation. Please run: `pip install xgboost` to install.
Alternately, you can install this by running `pip install pycaret[models]`
2024-09-26 13:14:33,524:INFO:Soft dependency imported: catboost: 1.2.2
2024-09-26 13:14:33,524:INFO:setup() successfully completed in 5.05s...............
2024-09-26 13:14:33,539:INFO:gpu_param set to False
2024-09-26 13:14:33,676:WARNING:
'xgboost' is a soft dependency and not included in the pycaret installation. Please run: `pip install xgboost` to install.
Alternately, you can install this by running `pip install pycaret[models]`
2024-09-26 13:14:33,676:INFO:Soft dependency imported: catboost: 1.2.2
2024-09-26 13:14:33,792:WARNING:
'xgboost' is a soft dependency and not included in the pycaret installation. Please run: `pip install xgboost` to install.
Alternately, you can install this by running `pip install pycaret[models]`
2024-09-26 13:14:33,792:INFO:Soft dependency imported: catboost: 1.2.2
2024-09-26 13:14:35,960:INFO:Initializing create_model()
2024-09-26 13:14:35,960:INFO:create_model(self=<pycaret.regression.oop.RegressionExperiment object at 0x00000290EE1D16D0>, estimator=lr, fold=None, round=4, cross_validation=True, predict=True, fit_kwargs=None, groups=None, refit=True, probability_threshold=None, experiment_custom_tags=None, verbose=True, system=True, add_to_model_list=True, metrics=None, display=None, model_only=True, return_train_score=False, error_score=0.0, kwargs={})
2024-09-26 13:14:35,960:INFO:Checking exceptions
2024-09-26 13:14:35,976:INFO:Importing libraries
2024-09-26 13:14:35,976:INFO:Copying training dataset
2024-09-26 13:14:35,976:INFO:Defining folds
2024-09-26 13:14:35,976:INFO:Declaring metric variables
2024-09-26 13:14:35,992:INFO:Importing untrained model
2024-09-26 13:14:35,997:INFO:Linear Regression Imported successfully
2024-09-26 13:14:36,007:INFO:Starting cross validation
2024-09-26 13:14:36,016:INFO:Cross validating with KFold(n_splits=5, random_state=None, shuffle=False), n_jobs=-1
2024-09-26 13:14:41,188:INFO:Calculating mean and std
2024-09-26 13:14:41,190:INFO:Creating metrics dataframe
2024-09-26 13:14:41,190:INFO:Finalizing model
2024-09-26 13:14:41,218:INFO:Uploading results into container
2024-09-26 13:14:41,223:INFO:Uploading model into container now
2024-09-26 13:14:41,237:INFO:_master_model_container: 1
2024-09-26 13:14:41,237:INFO:_display_container: 2
2024-09-26 13:14:41,237:INFO:LinearRegression(n_jobs=-1)
2024-09-26 13:14:41,237:INFO:create_model() successfully completed......................................
2024-09-26 13:14:41,371:INFO:Initializing tune_model()
2024-09-26 13:14:41,371:INFO:tune_model(self=<pycaret.regression.oop.RegressionExperiment object at 0x00000290EE1D16D0>, estimator=LinearRegression(n_jobs=-1), fold=None, round=4, n_iter=10, custom_grid=None, optimize=R2, custom_scorer=None, search_library=scikit-learn, search_algorithm=None, early_stopping=False, early_stopping_max_iters=10, choose_better=True, fit_kwargs=None, groups=None, return_tuner=False, verbose=True, tuner_verbose=True, return_train_score=False, kwargs={})
2024-09-26 13:14:41,371:INFO:Checking exceptions
2024-09-26 13:14:41,395:INFO:Copying training dataset
2024-09-26 13:14:41,395:INFO:Checking base model
2024-09-26 13:14:41,403:INFO:Base model : Linear Regression
2024-09-26 13:14:41,409:INFO:Declaring metric variables
2024-09-26 13:14:41,414:INFO:Defining Hyperparameters
2024-09-26 13:14:41,415:INFO:10 is bigger than total combinations 2, setting search algorithm to grid
2024-09-26 13:14:41,574:INFO:Tuning with n_jobs=-1
2024-09-26 13:14:41,574:INFO:Initializing GridSearchCV
2024-09-26 13:14:45,425:INFO:best_params: {'actual_estimator__fit_intercept': True}
2024-09-26 13:14:45,425:INFO:Hyperparameter search completed
2024-09-26 13:14:45,425:INFO:SubProcess create_model() called ==================================
2024-09-26 13:14:45,425:INFO:Initializing create_model()
2024-09-26 13:14:45,425:INFO:create_model(self=<pycaret.regression.oop.RegressionExperiment object at 0x00000290EE1D16D0>, estimator=LinearRegression(n_jobs=-1), fold=KFold(n_splits=5, random_state=None, shuffle=False), round=4, cross_validation=True, predict=True, fit_kwargs={}, groups=None, refit=True, probability_threshold=None, experiment_custom_tags=None, verbose=True, system=False, add_to_model_list=True, metrics=None, display=<pycaret.internal.display.display.CommonDisplay object at 0x00000290F18EF9D0>, model_only=True, return_train_score=False, error_score=0.0, kwargs={'fit_intercept': True})
2024-09-26 13:14:45,425:INFO:Checking exceptions
2024-09-26 13:14:45,425:INFO:Importing libraries
2024-09-26 13:14:45,425:INFO:Copying training dataset
2024-09-26 13:14:45,435:INFO:Defining folds
2024-09-26 13:14:45,435:INFO:Declaring metric variables
2024-09-26 13:14:45,435:INFO:Importing untrained model
2024-09-26 13:14:45,435:INFO:Declaring custom model
2024-09-26 13:14:45,443:INFO:Linear Regression Imported successfully
2024-09-26 13:14:45,445:INFO:Starting cross validation
2024-09-26 13:14:45,445:INFO:Cross validating with KFold(n_splits=5, random_state=None, shuffle=False), n_jobs=-1
2024-09-26 13:14:45,519:INFO:Calculating mean and std
2024-09-26 13:14:45,519:INFO:Creating metrics dataframe
2024-09-26 13:14:45,520:INFO:Finalizing model
2024-09-26 13:14:45,541:INFO:Uploading results into container
2024-09-26 13:14:45,542:INFO:Uploading model into container now
2024-09-26 13:14:45,542:INFO:_master_model_container: 2
2024-09-26 13:14:45,542:INFO:_display_container: 3
2024-09-26 13:14:45,544:INFO:LinearRegression(n_jobs=-1)
2024-09-26 13:14:45,544:INFO:create_model() successfully completed......................................
2024-09-26 13:14:45,652:INFO:SubProcess create_model() end ==================================
2024-09-26 13:14:45,652:INFO:choose_better activated
2024-09-26 13:14:45,657:INFO:SubProcess create_model() called ==================================
2024-09-26 13:14:45,657:INFO:Initializing create_model()
2024-09-26 13:14:45,657:INFO:create_model(self=<pycaret.regression.oop.RegressionExperiment object at 0x00000290EE1D16D0>, estimator=LinearRegression(n_jobs=-1), fold=KFold(n_splits=5, random_state=None, shuffle=False), round=4, cross_validation=True, predict=True, fit_kwargs={}, groups=None, refit=True, probability_threshold=None, experiment_custom_tags=None, verbose=False, system=False, add_to_model_list=True, metrics=None, display=None, model_only=True, return_train_score=False, error_score=0.0, kwargs={})
2024-09-26 13:14:45,658:INFO:Checking exceptions
2024-09-26 13:14:45,660:INFO:Importing libraries
2024-09-26 13:14:45,660:INFO:Copying training dataset
2024-09-26 13:14:45,664:INFO:Defining folds
2024-09-26 13:14:45,664:INFO:Declaring metric variables
2024-09-26 13:14:45,664:INFO:Importing untrained model
2024-09-26 13:14:45,664:INFO:Declaring custom model
2024-09-26 13:14:45,665:INFO:Linear Regression Imported successfully
2024-09-26 13:14:45,665:INFO:Starting cross validation
2024-09-26 13:14:45,665:INFO:Cross validating with KFold(n_splits=5, random_state=None, shuffle=False), n_jobs=-1
2024-09-26 13:14:45,735:INFO:Calculating mean and std
2024-09-26 13:14:45,735:INFO:Creating metrics dataframe
2024-09-26 13:14:45,735:INFO:Finalizing model
2024-09-26 13:14:45,744:INFO:Uploading results into container
2024-09-26 13:14:45,744:INFO:Uploading model into container now
2024-09-26 13:14:45,744:INFO:_master_model_container: 3
2024-09-26 13:14:45,744:INFO:_display_container: 4
2024-09-26 13:14:45,744:INFO:LinearRegression(n_jobs=-1)
2024-09-26 13:14:45,744:INFO:create_model() successfully completed......................................
2024-09-26 13:14:45,869:INFO:SubProcess create_model() end ==================================
2024-09-26 13:14:45,870:INFO:LinearRegression(n_jobs=-1) result for R2 is 0.7065
2024-09-26 13:14:45,870:INFO:LinearRegression(n_jobs=-1) result for R2 is 0.7065
2024-09-26 13:14:45,870:INFO:LinearRegression(n_jobs=-1) is best model
2024-09-26 13:14:45,870:INFO:choose_better completed
2024-09-26 13:14:45,870:INFO:Original model was better than the tuned model, hence it will be returned. NOTE: The display metrics are for the tuned model (not the original one).
2024-09-26 13:14:45,880:INFO:_master_model_container: 3
2024-09-26 13:14:45,881:INFO:_display_container: 3
2024-09-26 13:14:45,881:INFO:LinearRegression(n_jobs=-1)
2024-09-26 13:14:45,881:INFO:tune_model() successfully completed......................................
2024-09-26 13:14:45,991:INFO:Initializing plot_model()
2024-09-26 13:14:45,991:INFO:plot_model(self=<pycaret.regression.oop.RegressionExperiment object at 0x00000290EE1D16D0>, estimator=LinearRegression(n_jobs=-1), plot=residuals, scale=1, save=False, fold=None, fit_kwargs=None, plot_kwargs=None, groups=None, feature_name=None, label=False, verbose=True, system=True, display=None, display_format=None)
2024-09-26 13:14:45,991:INFO:Checking exceptions
2024-09-26 13:14:46,007:INFO:Preloading libraries
2024-09-26 13:14:46,007:INFO:Copying training dataset
2024-09-26 13:14:46,008:INFO:Plot type: residuals
2024-09-26 13:14:46,150:INFO:Fitting Model
2024-09-26 13:14:46,194:INFO:Scoring test/hold-out set
2024-09-26 13:14:46,725:INFO:Visual Rendered Successfully
2024-09-26 13:14:46,859:INFO:plot_model() successfully completed......................................
2024-09-26 13:14:46,876:INFO:Initializing plot_model()
2024-09-26 13:14:46,876:INFO:plot_model(self=<pycaret.regression.oop.RegressionExperiment object at 0x00000290EE1D16D0>, estimator=LinearRegression(n_jobs=-1), plot=error, scale=1, save=False, fold=None, fit_kwargs=None, plot_kwargs=None, groups=None, feature_name=None, label=False, verbose=True, system=True, display=None, display_format=None)
2024-09-26 13:14:46,876:INFO:Checking exceptions
2024-09-26 13:14:46,876:INFO:Preloading libraries
2024-09-26 13:14:46,876:INFO:Copying training dataset
2024-09-26 13:14:46,876:INFO:Plot type: error
2024-09-26 13:14:46,973:INFO:Fitting Model
2024-09-26 13:14:46,973:INFO:Scoring test/hold-out set
2024-09-26 13:14:47,291:INFO:Visual Rendered Successfully
2024-09-26 13:14:47,410:INFO:plot_model() successfully completed......................................
2024-09-26 13:14:47,427:INFO:Initializing plot_model()
2024-09-26 13:14:47,427:INFO:plot_model(self=<pycaret.regression.oop.RegressionExperiment object at 0x00000290EE1D16D0>, estimator=LinearRegression(n_jobs=-1), plot=learning, scale=1, save=False, fold=None, fit_kwargs=None, plot_kwargs=None, groups=None, feature_name=None, label=False, verbose=True, system=True, display=None, display_format=None)
2024-09-26 13:14:47,427:INFO:Checking exceptions
2024-09-26 13:14:47,428:INFO:Preloading libraries
2024-09-26 13:14:47,428:INFO:Copying training dataset
2024-09-26 13:14:47,428:INFO:Plot type: learning
2024-09-26 13:14:47,518:INFO:Fitting Model
2024-09-26 13:14:47,915:INFO:Visual Rendered Successfully
2024-09-26 13:14:48,029:INFO:plot_model() successfully completed......................................
2024-09-26 13:14:50,961:INFO:Initializing predict_model()
2024-09-26 13:14:50,961:INFO:predict_model(self=<pycaret.regression.oop.RegressionExperiment object at 0x00000290EE1D16D0>, estimator=LinearRegression(n_jobs=-1), probability_threshold=None, encoded_labels=False, raw_score=False, round=4, verbose=True, ml_usecase=None, preprocess=True, encode_labels=<function _SupervisedExperiment.predict_model.<locals>.encode_labels at 0x00000290F0FDC2C0>)
2024-09-26 13:14:50,961:INFO:Checking exceptions
2024-09-26 13:14:50,961:INFO:Preloading libraries
2025-04-07 00:40:08,576:WARNING:
'cuml' is a soft dependency and not included in the pycaret installation. Please run: `pip install cuml` to install.
2025-04-07 00:40:08,577:WARNING:
'cuml' is a soft dependency and not included in the pycaret installation. Please run: `pip install cuml` to install.
2025-04-07 00:40:08,577:WARNING:
'cuml' is a soft dependency and not included in the pycaret installation. Please run: `pip install cuml` to install.
2025-04-07 00:40:08,577:WARNING:
'cuml' is a soft dependency and not included in the pycaret installation. Please run: `pip install cuml` to install.
2025-04-07 00:42:54,792:INFO:PyCaret RegressionExperiment
2025-04-07 00:42:54,792:INFO:Logging name: reg-default-name
2025-04-07 00:42:54,793:INFO:ML Usecase: MLUsecase.REGRESSION
2025-04-07 00:42:54,793:INFO:version 3.3.2
2025-04-07 00:42:54,793:INFO:Initializing setup()
2025-04-07 00:42:54,793:INFO:self.USI: 68e0
2025-04-07 00:42:54,793:INFO:self._variable_keys: {'exp_id', '_available_plots', 'USI', 'transform_target_param', 'n_jobs_param', 'target_param', 'logging_param', 'idx', '_ml_usecase', 'gpu_param', 'X', 'y', 'fold_shuffle_param', 'fold_groups_param', 'X_test', 'y_train', 'data', 'memory', 'gpu_n_jobs_param', 'pipeline', 'X_train', 'y_test', 'fold_generator', 'log_plots_param', 'exp_name_log', 'html_param', 'seed'}
2025-04-07 00:42:54,793:INFO:Checking environment
2025-04-07 00:42:54,793:INFO:python_version: 3.10.13
2025-04-07 00:42:54,793:INFO:python_build: ('main', 'Dec 23 2023 15:35:25')
2025-04-07 00:42:54,793:INFO:machine: arm64
2025-04-07 00:42:54,793:INFO:platform: macOS-15.4-arm64-arm-64bit
2025-04-07 00:42:54,793:INFO:Memory: svmem(total=8589934592, available=1266663424, percent=85.3, used=3280289792, free=63602688, active=1217134592, inactive=1105821696, wired=2063155200)
2025-04-07 00:42:54,794:INFO:Physical Core: 8
2025-04-07 00:42:54,794:INFO:Logical Core: 8
2025-04-07 00:42:54,794:INFO:Checking libraries
2025-04-07 00:42:54,794:INFO:System:
2025-04-07 00:42:54,794:INFO:    python: 3.10.13 | packaged by conda-forge | (main, Dec 23 2023, 15:35:25) [Clang 16.0.6 ]
2025-04-07 00:42:54,794:INFO:executable: /Users/teslim/anaconda3/envs/machine-learning-env/bin/python
2025-04-07 00:42:54,794:INFO:   machine: macOS-15.4-arm64-arm-64bit
2025-04-07 00:42:54,794:INFO:PyCaret required dependencies:
2025-04-07 00:42:55,763:INFO:                 pip: 24.3.1
2025-04-07 00:42:55,764:INFO:          setuptools: 75.6.0
2025-04-07 00:42:55,764:INFO:             pycaret: 3.3.2
2025-04-07 00:42:55,764:INFO:             IPython: 8.30.0
2025-04-07 00:42:55,764:INFO:          ipywidgets: 8.1.5
2025-04-07 00:42:55,764:INFO:                tqdm: 4.67.1
2025-04-07 00:42:55,764:INFO:               numpy: 1.26.4
2025-04-07 00:42:55,764:INFO:              pandas: 2.1.4
2025-04-07 00:42:55,764:INFO:              jinja2: 3.1.4
2025-04-07 00:42:55,764:INFO:               scipy: 1.11.4
2025-04-07 00:42:55,764:INFO:              joblib: 1.3.2
2025-04-07 00:42:55,764:INFO:             sklearn: 1.4.2
2025-04-07 00:42:55,764:INFO:                pyod: 2.0.3
2025-04-07 00:42:55,764:INFO:            imblearn: 0.12.4
2025-04-07 00:42:55,764:INFO:   category_encoders: 2.6.4
2025-04-07 00:42:55,764:INFO:            lightgbm: 4.5.0
2025-04-07 00:42:55,764:INFO:               numba: 0.60.0
2025-04-07 00:42:55,764:INFO:            requests: 2.32.3
2025-04-07 00:42:55,764:INFO:          matplotlib: 3.7.5
2025-04-07 00:42:55,764:INFO:          scikitplot: 0.3.7
2025-04-07 00:42:55,764:INFO:         yellowbrick: 1.5
2025-04-07 00:42:55,764:INFO:              plotly: 5.24.1
2025-04-07 00:42:55,764:INFO:    plotly-resampler: Not installed
2025-04-07 00:42:55,764:INFO:             kaleido: 0.2.1
2025-04-07 00:42:55,764:INFO:           schemdraw: 0.15
2025-04-07 00:42:55,764:INFO:         statsmodels: 0.14.4
2025-04-07 00:42:55,764:INFO:              sktime: 0.26.0
2025-04-07 00:42:55,764:INFO:               tbats: 1.1.3
2025-04-07 00:42:55,764:INFO:            pmdarima: 2.0.4
2025-04-07 00:42:55,764:INFO:              psutil: 6.1.0
2025-04-07 00:42:55,764:INFO:          markupsafe: 3.0.2
2025-04-07 00:42:55,764:INFO:             pickle5: Not installed
2025-04-07 00:42:55,764:INFO:         cloudpickle: 3.1.1
2025-04-07 00:42:55,764:INFO:         deprecation: 2.1.0
2025-04-07 00:42:55,764:INFO:              xxhash: 3.5.0
2025-04-07 00:42:55,764:INFO:           wurlitzer: 3.1.1
2025-04-07 00:42:55,764:INFO:PyCaret optional dependencies:
2025-04-07 00:42:58,829:INFO:                shap: 0.44.1
2025-04-07 00:42:58,829:INFO:           interpret: 0.6.10
2025-04-07 00:42:58,829:INFO:                umap: 0.5.7
2025-04-07 00:42:58,829:INFO:     ydata_profiling: 4.12.0
2025-04-07 00:42:58,829:INFO:  explainerdashboard: 0.4.8
2025-04-07 00:42:58,829:INFO:             autoviz: 0.1.905
2025-04-07 00:42:58,829:INFO:           fairlearn: 0.7.0
2025-04-07 00:42:58,829:INFO:          deepchecks: Not installed
2025-04-07 00:42:58,829:INFO:             xgboost: 3.0.0
2025-04-07 00:42:58,829:INFO:            catboost: 1.1.1
2025-04-07 00:42:58,829:INFO:              kmodes: 0.12.2
2025-04-07 00:42:58,829:INFO:             mlxtend: 0.23.4
2025-04-07 00:42:58,829:INFO:       statsforecast: 1.5.0
2025-04-07 00:42:58,829:INFO:        tune_sklearn: 0.5.0
2025-04-07 00:42:58,829:INFO:                 ray: 2.44.1
2025-04-07 00:42:58,829:INFO:            hyperopt: 0.2.7
2025-04-07 00:42:58,829:INFO:              optuna: 4.1.0
2025-04-07 00:42:58,829:INFO:               skopt: 0.10.2
2025-04-07 00:42:58,829:INFO:              mlflow: 2.21.3
2025-04-07 00:42:58,829:INFO:              gradio: 5.23.3
2025-04-07 00:42:58,829:INFO:             fastapi: 0.115.12
2025-04-07 00:42:58,829:INFO:             uvicorn: 0.34.0
2025-04-07 00:42:58,829:INFO:              m2cgen: 0.10.0
2025-04-07 00:42:58,829:INFO:           evidently: 0.4.40
2025-04-07 00:42:58,829:INFO:               fugue: 0.8.7
2025-04-07 00:42:58,829:INFO:           streamlit: Not installed
2025-04-07 00:42:58,829:INFO:             prophet: Not installed
2025-04-07 00:42:58,829:INFO:None
2025-04-07 00:42:58,829:INFO:Set up data.
2025-04-07 00:42:58,845:INFO:Set up folding strategy.
2025-04-07 00:42:58,845:INFO:Set up train/test split.
2025-04-07 00:42:58,849:INFO:Set up index.
2025-04-07 00:42:58,849:INFO:Assigning column types.
2025-04-07 00:42:58,850:INFO:Engine successfully changes for model 'lr' to 'sklearn'.
2025-04-07 00:42:58,851:INFO:Engine for model 'lasso' has not been set explicitly, hence returning None.
2025-04-07 00:42:58,853:INFO:Engine for model 'ridge' has not been set explicitly, hence returning None.
2025-04-07 00:42:58,855:INFO:Engine for model 'en' has not been set explicitly, hence returning None.
2025-04-07 00:42:58,880:INFO:Engine for model 'svm' has not been set explicitly, hence returning None.
2025-04-07 00:42:58,899:INFO:Engine for model 'knn' has not been set explicitly, hence returning None.
2025-04-07 00:42:58,900:INFO:Soft dependency imported: xgboost: 3.0.0
2025-04-07 00:42:58,902:INFO:Soft dependency imported: catboost: 1.1.1
2025-04-07 00:42:58,949:INFO:Engine for model 'lasso' has not been set explicitly, hence returning None.
2025-04-07 00:42:58,951:INFO:Engine for model 'ridge' has not been set explicitly, hence returning None.
2025-04-07 00:42:58,953:INFO:Engine for model 'en' has not been set explicitly, hence returning None.
2025-04-07 00:42:58,977:INFO:Engine for model 'svm' has not been set explicitly, hence returning None.
2025-04-07 00:42:58,996:INFO:Engine for model 'knn' has not been set explicitly, hence returning None.
2025-04-07 00:42:58,997:INFO:Soft dependency imported: xgboost: 3.0.0
2025-04-07 00:42:58,998:INFO:Soft dependency imported: catboost: 1.1.1
2025-04-07 00:42:58,998:INFO:Engine successfully changes for model 'lasso' to 'sklearn'.
2025-04-07 00:42:59,000:INFO:Engine for model 'ridge' has not been set explicitly, hence returning None.
2025-04-07 00:42:59,002:INFO:Engine for model 'en' has not been set explicitly, hence returning None.
2025-04-07 00:42:59,026:INFO:Engine for model 'svm' has not been set explicitly, hence returning None.
2025-04-07 00:42:59,045:INFO:Engine for model 'knn' has not been set explicitly, hence returning None.
2025-04-07 00:42:59,045:INFO:Soft dependency imported: xgboost: 3.0.0
2025-04-07 00:42:59,047:INFO:Soft dependency imported: catboost: 1.1.1
2025-04-07 00:42:59,049:INFO:Engine for model 'ridge' has not been set explicitly, hence returning None.
2025-04-07 00:42:59,051:INFO:Engine for model 'en' has not been set explicitly, hence returning None.
2025-04-07 00:42:59,075:INFO:Engine for model 'svm' has not been set explicitly, hence returning None.
2025-04-07 00:42:59,094:INFO:Engine for model 'knn' has not been set explicitly, hence returning None.
2025-04-07 00:42:59,094:INFO:Soft dependency imported: xgboost: 3.0.0
2025-04-07 00:42:59,095:INFO:Soft dependency imported: catboost: 1.1.1
2025-04-07 00:42:59,095:INFO:Engine successfully changes for model 'ridge' to 'sklearn'.
2025-04-07 00:42:59,099:INFO:Engine for model 'en' has not been set explicitly, hence returning None.
2025-04-07 00:42:59,123:INFO:Engine for model 'svm' has not been set explicitly, hence returning None.
2025-04-07 00:42:59,142:INFO:Engine for model 'knn' has not been set explicitly, hence returning None.
2025-04-07 00:42:59,142:INFO:Soft dependency imported: xgboost: 3.0.0
2025-04-07 00:42:59,143:INFO:Soft dependency imported: catboost: 1.1.1
2025-04-07 00:42:59,147:INFO:Engine for model 'en' has not been set explicitly, hence returning None.
2025-04-07 00:42:59,172:INFO:Engine for model 'svm' has not been set explicitly, hence returning None.
2025-04-07 00:42:59,191:INFO:Engine for model 'knn' has not been set explicitly, hence returning None.
2025-04-07 00:42:59,191:INFO:Soft dependency imported: xgboost: 3.0.0
2025-04-07 00:42:59,192:INFO:Soft dependency imported: catboost: 1.1.1
2025-04-07 00:42:59,192:INFO:Engine successfully changes for model 'en' to 'sklearn'.
2025-04-07 00:42:59,221:INFO:Engine for model 'svm' has not been set explicitly, hence returning None.
2025-04-07 00:42:59,240:INFO:Engine for model 'knn' has not been set explicitly, hence returning None.
2025-04-07 00:42:59,240:INFO:Soft dependency imported: xgboost: 3.0.0
2025-04-07 00:42:59,241:INFO:Soft dependency imported: catboost: 1.1.1
2025-04-07 00:42:59,270:INFO:Engine for model 'svm' has not been set explicitly, hence returning None.
2025-04-07 00:42:59,291:INFO:Engine for model 'knn' has not been set explicitly, hence returning None.
2025-04-07 00:42:59,291:INFO:Soft dependency imported: xgboost: 3.0.0
2025-04-07 00:42:59,293:INFO:Soft dependency imported: catboost: 1.1.1
2025-04-07 00:42:59,293:INFO:Engine successfully changes for model 'knn' to 'sklearn'.
2025-04-07 00:42:59,321:INFO:Engine for model 'svm' has not been set explicitly, hence returning None.
2025-04-07 00:42:59,340:INFO:Soft dependency imported: xgboost: 3.0.0
2025-04-07 00:42:59,341:INFO:Soft dependency imported: catboost: 1.1.1
2025-04-07 00:42:59,370:INFO:Engine for model 'svm' has not been set explicitly, hence returning None.
2025-04-07 00:42:59,389:INFO:Soft dependency imported: xgboost: 3.0.0
2025-04-07 00:42:59,390:INFO:Soft dependency imported: catboost: 1.1.1
2025-04-07 00:42:59,391:INFO:Engine successfully changes for model 'svm' to 'sklearn'.
2025-04-07 00:42:59,437:INFO:Soft dependency imported: xgboost: 3.0.0
2025-04-07 00:42:59,438:INFO:Soft dependency imported: catboost: 1.1.1
2025-04-07 00:42:59,487:INFO:Soft dependency imported: xgboost: 3.0.0
2025-04-07 00:42:59,488:INFO:Soft dependency imported: catboost: 1.1.1
2025-04-07 00:42:59,490:INFO:Preparing preprocessing pipeline...
2025-04-07 00:42:59,490:INFO:Set up simple imputation.
2025-04-07 00:42:59,490:INFO:Set up feature normalization.
2025-04-07 00:42:59,503:INFO:Finished creating preprocessing pipeline.
2025-04-07 00:42:59,505:INFO:Pipeline: Pipeline(memory=FastMemory(location=/var/folders/v9/v9j8bf6j2r5cr97thvfgxxyh0000gn/T/joblib),
         steps=[('numerical_imputer',
                 TransformerWrapper(include=['CRIM', 'ZN', 'INDUS', 'CHAS',
                                             'NOX', 'RM', 'AGE', 'DIS', 'RAD',
                                             'TAX', 'PTRATIO', 'LSTAT'],
                                    transformer=SimpleImputer())),
                ('categorical_imputer',
                 TransformerWrapper(include=[],
                                    transformer=SimpleImputer(strategy='most_frequent'))),
                ('normalize',
                 TransformerWrapper(transformer=StandardScaler()))])
2025-04-07 00:42:59,505:INFO:Creating final display dataframe.
2025-04-07 00:42:59,542:INFO:Setup _display_container:                     Description             Value
0                    Session id               100
1                        Target             price
2                   Target type        Regression
3           Original data shape         (469, 13)
4        Transformed data shape         (469, 13)
5   Transformed train set shape         (375, 13)
6    Transformed test set shape          (94, 13)
7              Numeric features                12
8                    Preprocess              True
9               Imputation type            simple
10           Numeric imputation              mean
11       Categorical imputation              mode
12                    Normalize              True
13             Normalize method            zscore
14               Fold Generator             KFold
15                  Fold Number                 5
16                     CPU Jobs                -1
17                      Use GPU             False
18               Log Experiment             False
19              Experiment Name  reg-default-name
20                          USI              68e0
2025-04-07 00:42:59,601:INFO:Soft dependency imported: xgboost: 3.0.0
2025-04-07 00:42:59,603:INFO:Soft dependency imported: catboost: 1.1.1
2025-04-07 00:43:00,075:INFO:Soft dependency imported: xgboost: 3.0.0
2025-04-07 00:43:00,080:INFO:Soft dependency imported: catboost: 1.1.1
2025-04-07 00:43:00,087:INFO:setup() successfully completed in 5.31s...............
2025-04-07 00:45:00,627:INFO:gpu_param set to False
2025-04-07 00:45:00,786:INFO:Soft dependency imported: xgboost: 3.0.0
2025-04-07 00:45:00,788:INFO:Soft dependency imported: catboost: 1.1.1
2025-04-07 00:45:00,841:INFO:Soft dependency imported: xgboost: 3.0.0
2025-04-07 00:45:00,842:INFO:Soft dependency imported: catboost: 1.1.1
2025-04-07 00:46:18,073:INFO:Initializing create_model()
2025-04-07 00:46:18,081:INFO:create_model(self=<pycaret.regression.oop.RegressionExperiment object at 0x3114a1660>, estimator=lr, fold=None, round=4, cross_validation=True, predict=True, fit_kwargs=None, groups=None, refit=True, probability_threshold=None, experiment_custom_tags=None, verbose=True, system=True, add_to_model_list=True, metrics=None, display=None, model_only=True, return_train_score=False, error_score=0.0, kwargs={})
2025-04-07 00:46:18,082:INFO:Checking exceptions
2025-04-07 00:46:18,278:INFO:Importing libraries
2025-04-07 00:46:18,279:INFO:Copying training dataset
2025-04-07 00:46:18,286:INFO:Defining folds
2025-04-07 00:46:18,287:INFO:Declaring metric variables
2025-04-07 00:46:18,289:INFO:Importing untrained model
2025-04-07 00:46:18,292:INFO:Linear Regression Imported successfully
2025-04-07 00:46:18,299:INFO:Starting cross validation
2025-04-07 00:46:18,326:INFO:Cross validating with KFold(n_splits=5, random_state=None, shuffle=False), n_jobs=-1
2025-04-07 00:46:23,593:INFO:Calculating mean and std
2025-04-07 00:46:23,608:INFO:Creating metrics dataframe
2025-04-07 00:46:23,632:INFO:Finalizing model
2025-04-07 00:46:23,662:INFO:Uploading results into container
2025-04-07 00:46:23,663:INFO:Uploading model into container now
2025-04-07 00:46:23,692:INFO:_master_model_container: 1
2025-04-07 00:46:23,692:INFO:_display_container: 2
2025-04-07 00:46:23,692:INFO:LinearRegression(n_jobs=-1)
2025-04-07 00:46:23,693:INFO:create_model() successfully completed......................................
2025-04-07 00:52:24,567:WARNING:
'cuml' is a soft dependency and not included in the pycaret installation. Please run: `pip install cuml` to install.
2025-04-07 00:52:24,568:WARNING:
'cuml' is a soft dependency and not included in the pycaret installation. Please run: `pip install cuml` to install.
2025-04-07 00:52:24,568:WARNING:
'cuml' is a soft dependency and not included in the pycaret installation. Please run: `pip install cuml` to install.
2025-04-07 00:52:24,568:WARNING:
'cuml' is a soft dependency and not included in the pycaret installation. Please run: `pip install cuml` to install.
2025-04-07 00:52:29,197:INFO:PyCaret RegressionExperiment
2025-04-07 00:52:29,198:INFO:Logging name: reg-default-name
2025-04-07 00:52:29,199:INFO:ML Usecase: MLUsecase.REGRESSION
2025-04-07 00:52:29,199:INFO:version 3.3.2
2025-04-07 00:52:29,199:INFO:Initializing setup()
2025-04-07 00:52:29,199:INFO:self.USI: 4134
2025-04-07 00:52:29,199:INFO:self._variable_keys: {'X', 'target_param', 'X_train', 'X_test', 'html_param', 'exp_id', 'gpu_param', 'pipeline', 'log_plots_param', 'exp_name_log', 'y_train', 'data', 'fold_groups_param', 'fold_generator', 'y', 'gpu_n_jobs_param', 'fold_shuffle_param', 'idx', 'transform_target_param', '_available_plots', 'memory', 'USI', 'logging_param', 'n_jobs_param', 'y_test', '_ml_usecase', 'seed'}
2025-04-07 00:52:29,199:INFO:Checking environment
2025-04-07 00:52:29,199:INFO:python_version: 3.10.13
2025-04-07 00:52:29,199:INFO:python_build: ('main', 'Dec 23 2023 15:35:25')
2025-04-07 00:52:29,199:INFO:machine: arm64
2025-04-07 00:52:29,199:INFO:platform: macOS-15.4-arm64-arm-64bit
2025-04-07 00:52:29,200:INFO:Memory: svmem(total=8589934592, available=1248772096, percent=85.5, used=3190833152, free=61030400, active=1203912704, inactive=1097613312, wired=1986920448)
2025-04-07 00:52:29,200:INFO:Physical Core: 8
2025-04-07 00:52:29,200:INFO:Logical Core: 8
2025-04-07 00:52:29,201:INFO:Checking libraries
2025-04-07 00:52:29,201:INFO:System:
2025-04-07 00:52:29,201:INFO:    python: 3.10.13 | packaged by conda-forge | (main, Dec 23 2023, 15:35:25) [Clang 16.0.6 ]
2025-04-07 00:52:29,201:INFO:executable: /Users/teslim/anaconda3/envs/machine-learning-env/bin/python
2025-04-07 00:52:29,201:INFO:   machine: macOS-15.4-arm64-arm-64bit
2025-04-07 00:52:29,202:INFO:PyCaret required dependencies:
2025-04-07 00:52:30,723:INFO:                 pip: 24.3.1
2025-04-07 00:52:30,725:INFO:          setuptools: 75.6.0
2025-04-07 00:52:30,725:INFO:             pycaret: 3.3.2
2025-04-07 00:52:30,725:INFO:             IPython: 8.30.0
2025-04-07 00:52:30,725:INFO:          ipywidgets: 8.1.5
2025-04-07 00:52:30,725:INFO:                tqdm: 4.67.1
2025-04-07 00:52:30,725:INFO:               numpy: 1.26.4
2025-04-07 00:52:30,725:INFO:              pandas: 2.1.4
2025-04-07 00:52:30,725:INFO:              jinja2: 3.1.4
2025-04-07 00:52:30,725:INFO:               scipy: 1.11.4
2025-04-07 00:52:30,725:INFO:              joblib: 1.3.2
2025-04-07 00:52:30,725:INFO:             sklearn: 1.4.2
2025-04-07 00:52:30,725:INFO:                pyod: 2.0.3
2025-04-07 00:52:30,725:INFO:            imblearn: 0.12.4
2025-04-07 00:52:30,725:INFO:   category_encoders: 2.6.4
2025-04-07 00:52:30,725:INFO:            lightgbm: 4.5.0
2025-04-07 00:52:30,725:INFO:               numba: 0.60.0
2025-04-07 00:52:30,725:INFO:            requests: 2.32.3
2025-04-07 00:52:30,725:INFO:          matplotlib: 3.7.5
2025-04-07 00:52:30,725:INFO:          scikitplot: 0.3.7
2025-04-07 00:52:30,725:INFO:         yellowbrick: 1.5
2025-04-07 00:52:30,725:INFO:              plotly: 5.24.1
2025-04-07 00:52:30,725:INFO:    plotly-resampler: Not installed
2025-04-07 00:52:30,725:INFO:             kaleido: 0.2.1
2025-04-07 00:52:30,725:INFO:           schemdraw: 0.15
2025-04-07 00:52:30,725:INFO:         statsmodels: 0.14.4
2025-04-07 00:52:30,725:INFO:              sktime: 0.26.0
2025-04-07 00:52:30,725:INFO:               tbats: 1.1.3
2025-04-07 00:52:30,725:INFO:            pmdarima: 2.0.4
2025-04-07 00:52:30,725:INFO:              psutil: 6.1.0
2025-04-07 00:52:30,725:INFO:          markupsafe: 3.0.2
2025-04-07 00:52:30,725:INFO:             pickle5: Not installed
2025-04-07 00:52:30,725:INFO:         cloudpickle: 3.1.1
2025-04-07 00:52:30,725:INFO:         deprecation: 2.1.0
2025-04-07 00:52:30,725:INFO:              xxhash: 3.5.0
2025-04-07 00:52:30,725:INFO:           wurlitzer: 3.1.1
2025-04-07 00:52:30,725:INFO:PyCaret optional dependencies:
2025-04-07 00:52:32,469:INFO:                shap: 0.44.1
2025-04-07 00:52:32,469:INFO:           interpret: 0.6.10
2025-04-07 00:52:32,469:INFO:                umap: 0.5.7
2025-04-07 00:52:32,469:INFO:     ydata_profiling: 4.12.0
2025-04-07 00:52:32,469:INFO:  explainerdashboard: 0.4.8
2025-04-07 00:52:32,469:INFO:             autoviz: 0.1.905
2025-04-07 00:52:32,469:INFO:           fairlearn: 0.7.0
2025-04-07 00:52:32,469:INFO:          deepchecks: Not installed
2025-04-07 00:52:32,469:INFO:             xgboost: 3.0.0
2025-04-07 00:52:32,469:INFO:            catboost: 1.1.1
2025-04-07 00:52:32,469:INFO:              kmodes: 0.12.2
2025-04-07 00:52:32,469:INFO:             mlxtend: 0.23.4
2025-04-07 00:52:32,469:INFO:       statsforecast: 1.5.0
2025-04-07 00:52:32,469:INFO:        tune_sklearn: 0.5.0
2025-04-07 00:52:32,469:INFO:                 ray: 2.44.1
2025-04-07 00:52:32,469:INFO:            hyperopt: 0.2.7
2025-04-07 00:52:32,469:INFO:              optuna: 4.1.0
2025-04-07 00:52:32,469:INFO:               skopt: 0.10.2
2025-04-07 00:52:32,469:INFO:              mlflow: 2.21.3
2025-04-07 00:52:32,469:INFO:              gradio: 5.23.3
2025-04-07 00:52:32,469:INFO:             fastapi: 0.115.12
2025-04-07 00:52:32,469:INFO:             uvicorn: 0.34.0
2025-04-07 00:52:32,469:INFO:              m2cgen: 0.10.0
2025-04-07 00:52:32,469:INFO:           evidently: 0.4.40
2025-04-07 00:52:32,469:INFO:               fugue: 0.8.7
2025-04-07 00:52:32,469:INFO:           streamlit: Not installed
2025-04-07 00:52:32,470:INFO:             prophet: Not installed
2025-04-07 00:52:32,470:INFO:None
2025-04-07 00:52:32,470:INFO:Set up data.
2025-04-07 00:52:32,489:INFO:Set up folding strategy.
2025-04-07 00:52:32,489:INFO:Set up train/test split.
2025-04-07 00:52:32,498:INFO:Set up index.
2025-04-07 00:52:32,498:INFO:Assigning column types.
2025-04-07 00:52:32,502:INFO:Engine successfully changes for model 'lr' to 'sklearn'.
2025-04-07 00:52:32,502:INFO:Engine for model 'lasso' has not been set explicitly, hence returning None.
2025-04-07 00:52:32,504:INFO:Engine for model 'ridge' has not been set explicitly, hence returning None.
2025-04-07 00:52:32,506:INFO:Engine for model 'en' has not been set explicitly, hence returning None.
2025-04-07 00:52:32,535:INFO:Engine for model 'svm' has not been set explicitly, hence returning None.
2025-04-07 00:52:32,554:INFO:Engine for model 'knn' has not been set explicitly, hence returning None.
2025-04-07 00:52:32,554:INFO:Soft dependency imported: xgboost: 3.0.0
2025-04-07 00:52:32,555:INFO:Soft dependency imported: catboost: 1.1.1
2025-04-07 00:52:32,619:INFO:Engine for model 'lasso' has not been set explicitly, hence returning None.
2025-04-07 00:52:32,621:INFO:Engine for model 'ridge' has not been set explicitly, hence returning None.
2025-04-07 00:52:32,623:INFO:Engine for model 'en' has not been set explicitly, hence returning None.
2025-04-07 00:52:32,652:INFO:Engine for model 'svm' has not been set explicitly, hence returning None.
2025-04-07 00:52:32,670:INFO:Engine for model 'knn' has not been set explicitly, hence returning None.
2025-04-07 00:52:32,670:INFO:Soft dependency imported: xgboost: 3.0.0
2025-04-07 00:52:32,672:INFO:Soft dependency imported: catboost: 1.1.1
2025-04-07 00:52:32,672:INFO:Engine successfully changes for model 'lasso' to 'sklearn'.
2025-04-07 00:52:32,674:INFO:Engine for model 'ridge' has not been set explicitly, hence returning None.
2025-04-07 00:52:32,676:INFO:Engine for model 'en' has not been set explicitly, hence returning None.
2025-04-07 00:52:32,704:INFO:Engine for model 'svm' has not been set explicitly, hence returning None.
2025-04-07 00:52:32,722:INFO:Engine for model 'knn' has not been set explicitly, hence returning None.
2025-04-07 00:52:32,723:INFO:Soft dependency imported: xgboost: 3.0.0
2025-04-07 00:52:32,724:INFO:Soft dependency imported: catboost: 1.1.1
2025-04-07 00:52:32,726:INFO:Engine for model 'ridge' has not been set explicitly, hence returning None.
2025-04-07 00:52:32,728:INFO:Engine for model 'en' has not been set explicitly, hence returning None.
2025-04-07 00:52:32,757:INFO:Engine for model 'svm' has not been set explicitly, hence returning None.
2025-04-07 00:52:32,776:INFO:Engine for model 'knn' has not been set explicitly, hence returning None.
2025-04-07 00:52:32,776:INFO:Soft dependency imported: xgboost: 3.0.0
2025-04-07 00:52:32,777:INFO:Soft dependency imported: catboost: 1.1.1
2025-04-07 00:52:32,777:INFO:Engine successfully changes for model 'ridge' to 'sklearn'.
2025-04-07 00:52:32,781:INFO:Engine for model 'en' has not been set explicitly, hence returning None.
2025-04-07 00:52:32,810:INFO:Engine for model 'svm' has not been set explicitly, hence returning None.
2025-04-07 00:52:32,828:INFO:Engine for model 'knn' has not been set explicitly, hence returning None.
2025-04-07 00:52:32,829:INFO:Soft dependency imported: xgboost: 3.0.0
2025-04-07 00:52:32,830:INFO:Soft dependency imported: catboost: 1.1.1
2025-04-07 00:52:32,834:INFO:Engine for model 'en' has not been set explicitly, hence returning None.
2025-04-07 00:52:32,863:INFO:Engine for model 'svm' has not been set explicitly, hence returning None.
2025-04-07 00:52:32,881:INFO:Engine for model 'knn' has not been set explicitly, hence returning None.
2025-04-07 00:52:32,882:INFO:Soft dependency imported: xgboost: 3.0.0
2025-04-07 00:52:32,883:INFO:Soft dependency imported: catboost: 1.1.1
2025-04-07 00:52:32,883:INFO:Engine successfully changes for model 'en' to 'sklearn'.
2025-04-07 00:52:32,916:INFO:Engine for model 'svm' has not been set explicitly, hence returning None.
2025-04-07 00:52:32,935:INFO:Engine for model 'knn' has not been set explicitly, hence returning None.
2025-04-07 00:52:32,935:INFO:Soft dependency imported: xgboost: 3.0.0
2025-04-07 00:52:32,936:INFO:Soft dependency imported: catboost: 1.1.1
2025-04-07 00:52:32,970:INFO:Engine for model 'svm' has not been set explicitly, hence returning None.
2025-04-07 00:52:32,988:INFO:Engine for model 'knn' has not been set explicitly, hence returning None.
2025-04-07 00:52:32,988:INFO:Soft dependency imported: xgboost: 3.0.0
2025-04-07 00:52:32,989:INFO:Soft dependency imported: catboost: 1.1.1
2025-04-07 00:52:32,990:INFO:Engine successfully changes for model 'knn' to 'sklearn'.
2025-04-07 00:52:33,024:INFO:Engine for model 'svm' has not been set explicitly, hence returning None.
2025-04-07 00:52:33,043:INFO:Soft dependency imported: xgboost: 3.0.0
2025-04-07 00:52:33,044:INFO:Soft dependency imported: catboost: 1.1.1
2025-04-07 00:52:33,077:INFO:Engine for model 'svm' has not been set explicitly, hence returning None.
2025-04-07 00:52:33,096:INFO:Soft dependency imported: xgboost: 3.0.0
2025-04-07 00:52:33,097:INFO:Soft dependency imported: catboost: 1.1.1
2025-04-07 00:52:33,098:INFO:Engine successfully changes for model 'svm' to 'sklearn'.
2025-04-07 00:52:33,149:INFO:Soft dependency imported: xgboost: 3.0.0
2025-04-07 00:52:33,150:INFO:Soft dependency imported: catboost: 1.1.1
2025-04-07 00:52:33,203:INFO:Soft dependency imported: xgboost: 3.0.0
2025-04-07 00:52:33,204:INFO:Soft dependency imported: catboost: 1.1.1
2025-04-07 00:52:33,205:INFO:Preparing preprocessing pipeline...
2025-04-07 00:52:33,205:INFO:Set up simple imputation.
2025-04-07 00:52:33,210:INFO:Set up encoding of categorical features.
2025-04-07 00:52:33,210:INFO:Set up feature normalization.
2025-04-07 00:52:33,211:INFO:Set up column name cleaning.
2025-04-07 00:52:33,353:INFO:Finished creating preprocessing pipeline.
2025-04-07 00:52:33,357:INFO:Pipeline: Pipeline(memory=FastMemory(location=/var/folders/v9/v9j8bf6j2r5cr97thvfgxxyh0000gn/T/joblib),
         steps=[('numerical_imputer',
                 TransformerWrapper(include=['carat', 'depth', 'table',
                                             'x (Premium)', 'z (Very Good)',
                                             'y (Good)'],
                                    transformer=SimpleImputer())),
                ('categorical_imputer',
                 TransformerWrapper(include=['cut', 'color', 'clarity'],
                                    transformer=SimpleImputer(strategy='most_frequent'))),
                ('onehot_encoding',
                 TransformerWrapper(include=['cut', 'color', 'clarity'],
                                    transformer=OneHotEncoder(cols=['cut',
                                                                    'color',
                                                                    'clarity'],
                                                              handle_missing='return_nan',
                                                              use_cat_names=True))),
                ('normalize', TransformerWrapper(transformer=StandardScaler())),
                ('clean_column_names',
                 TransformerWrapper(transformer=CleanColumnNames()))])
2025-04-07 00:52:33,357:INFO:Creating final display dataframe.
2025-04-07 00:52:33,609:INFO:Setup _display_container:                     Description             Value
0                    Session id               100
1                        Target             price
2                   Target type        Regression
3           Original data shape       (53940, 10)
4        Transformed data shape       (53940, 27)
5   Transformed train set shape       (43152, 27)
6    Transformed test set shape       (10788, 27)
7              Numeric features                 6
8          Categorical features                 3
9                    Preprocess              True
10              Imputation type            simple
11           Numeric imputation              mean
12       Categorical imputation              mode
13     Maximum one-hot encoding                25
14              Encoding method              None
15                    Normalize              True
16             Normalize method            zscore
17               Fold Generator             KFold
18                  Fold Number                 5
19                     CPU Jobs                -1
20                      Use GPU             False
21               Log Experiment             False
22              Experiment Name  reg-default-name
23                          USI              4134
2025-04-07 00:52:33,770:INFO:Soft dependency imported: xgboost: 3.0.0
2025-04-07 00:52:33,772:INFO:Soft dependency imported: catboost: 1.1.1
2025-04-07 00:52:33,844:INFO:Soft dependency imported: xgboost: 3.0.0
2025-04-07 00:52:33,845:INFO:Soft dependency imported: catboost: 1.1.1
2025-04-07 00:52:33,845:INFO:setup() successfully completed in 4.66s...............
2025-04-07 00:52:39,848:INFO:gpu_param set to False
2025-04-07 00:52:39,922:INFO:Soft dependency imported: xgboost: 3.0.0
2025-04-07 00:52:39,923:INFO:Soft dependency imported: catboost: 1.1.1
2025-04-07 00:52:39,979:INFO:Soft dependency imported: xgboost: 3.0.0
2025-04-07 00:52:39,980:INFO:Soft dependency imported: catboost: 1.1.1
2025-04-07 00:52:47,731:INFO:Initializing create_model()
2025-04-07 00:52:47,733:INFO:create_model(self=<pycaret.regression.oop.RegressionExperiment object at 0x30a148ca0>, estimator=lr, fold=None, round=4, cross_validation=True, predict=True, fit_kwargs=None, groups=None, refit=True, probability_threshold=None, experiment_custom_tags=None, verbose=True, system=True, add_to_model_list=True, metrics=None, display=None, model_only=True, return_train_score=False, error_score=0.0, kwargs={})
2025-04-07 00:52:47,733:INFO:Checking exceptions
2025-04-07 00:52:47,899:INFO:Importing libraries
2025-04-07 00:52:47,900:INFO:Copying training dataset
2025-04-07 00:52:47,916:INFO:Defining folds
2025-04-07 00:52:47,916:INFO:Declaring metric variables
2025-04-07 00:52:47,919:INFO:Importing untrained model
2025-04-07 00:52:47,921:INFO:Linear Regression Imported successfully
2025-04-07 00:52:47,924:INFO:Starting cross validation
2025-04-07 00:52:47,932:INFO:Cross validating with KFold(n_splits=5, random_state=None, shuffle=False), n_jobs=-1
2025-04-07 00:52:53,871:INFO:Calculating mean and std
2025-04-07 00:52:53,882:INFO:Creating metrics dataframe
2025-04-07 00:52:53,907:INFO:Finalizing model
2025-04-07 00:52:54,167:INFO:Uploading results into container
2025-04-07 00:52:54,171:INFO:Uploading model into container now
2025-04-07 00:52:54,186:INFO:_master_model_container: 1
2025-04-07 00:52:54,186:INFO:_display_container: 2
2025-04-07 00:52:54,186:INFO:LinearRegression(n_jobs=-1)
2025-04-07 00:52:54,186:INFO:create_model() successfully completed......................................
2025-04-07 00:59:25,074:WARNING:
'cuml' is a soft dependency and not included in the pycaret installation. Please run: `pip install cuml` to install.
2025-04-07 00:59:25,075:WARNING:
'cuml' is a soft dependency and not included in the pycaret installation. Please run: `pip install cuml` to install.
2025-04-07 00:59:25,075:WARNING:
'cuml' is a soft dependency and not included in the pycaret installation. Please run: `pip install cuml` to install.
2025-04-07 00:59:25,075:WARNING:
'cuml' is a soft dependency and not included in the pycaret installation. Please run: `pip install cuml` to install.
2025-04-07 00:59:46,063:INFO:PyCaret RegressionExperiment
2025-04-07 00:59:46,063:INFO:Logging name: reg-default-name
2025-04-07 00:59:46,063:INFO:ML Usecase: MLUsecase.REGRESSION
2025-04-07 00:59:46,063:INFO:version 3.3.2
2025-04-07 00:59:46,063:INFO:Initializing setup()
2025-04-07 00:59:46,063:INFO:self.USI: 1e20
2025-04-07 00:59:46,063:INFO:self._variable_keys: {'memory', 'target_param', 'pipeline', 'gpu_n_jobs_param', '_available_plots', 'fold_generator', 'log_plots_param', 'y_train', 'logging_param', 'html_param', 'seed', 'USI', 'fold_shuffle_param', 'X_test', '_ml_usecase', 'exp_name_log', 'X', 'X_train', 'y_test', 'transform_target_param', 'fold_groups_param', 'n_jobs_param', 'exp_id', 'idx', 'y', 'data', 'gpu_param'}
2025-04-07 00:59:46,063:INFO:Checking environment
2025-04-07 00:59:46,063:INFO:python_version: 3.10.13
2025-04-07 00:59:46,063:INFO:python_build: ('main', 'Dec 23 2023 15:35:25')
2025-04-07 00:59:46,063:INFO:machine: arm64
2025-04-07 00:59:46,063:INFO:platform: macOS-15.4-arm64-arm-64bit
2025-04-07 00:59:46,064:INFO:Memory: svmem(total=8589934592, available=2100854784, percent=75.5, used=3828367360, free=123977728, active=1984577536, inactive=1971093504, wired=1843789824)
2025-04-07 00:59:46,064:INFO:Physical Core: 8
2025-04-07 00:59:46,064:INFO:Logical Core: 8
2025-04-07 00:59:46,064:INFO:Checking libraries
2025-04-07 00:59:46,064:INFO:System:
2025-04-07 00:59:46,064:INFO:    python: 3.10.13 | packaged by conda-forge | (main, Dec 23 2023, 15:35:25) [Clang 16.0.6 ]
2025-04-07 00:59:46,064:INFO:executable: /Users/teslim/anaconda3/envs/machine-learning-env/bin/python
2025-04-07 00:59:46,064:INFO:   machine: macOS-15.4-arm64-arm-64bit
2025-04-07 00:59:46,064:INFO:PyCaret required dependencies:
2025-04-07 00:59:46,582:INFO:                 pip: 24.3.1
2025-04-07 00:59:46,582:INFO:          setuptools: 75.6.0
2025-04-07 00:59:46,582:INFO:             pycaret: 3.3.2
2025-04-07 00:59:46,582:INFO:             IPython: 8.30.0
2025-04-07 00:59:46,583:INFO:          ipywidgets: 8.1.5
2025-04-07 00:59:46,583:INFO:                tqdm: 4.67.1
2025-04-07 00:59:46,583:INFO:               numpy: 1.26.4
2025-04-07 00:59:46,583:INFO:              pandas: 2.1.4
2025-04-07 00:59:46,583:INFO:              jinja2: 3.1.4
2025-04-07 00:59:46,583:INFO:               scipy: 1.11.4
2025-04-07 00:59:46,583:INFO:              joblib: 1.3.2
2025-04-07 00:59:46,583:INFO:             sklearn: 1.4.2
2025-04-07 00:59:46,583:INFO:                pyod: 2.0.3
2025-04-07 00:59:46,583:INFO:            imblearn: 0.12.4
2025-04-07 00:59:46,583:INFO:   category_encoders: 2.6.4
2025-04-07 00:59:46,583:INFO:            lightgbm: 4.5.0
2025-04-07 00:59:46,583:INFO:               numba: 0.60.0
2025-04-07 00:59:46,583:INFO:            requests: 2.32.3
2025-04-07 00:59:46,583:INFO:          matplotlib: 3.7.5
2025-04-07 00:59:46,583:INFO:          scikitplot: 0.3.7
2025-04-07 00:59:46,583:INFO:         yellowbrick: 1.5
2025-04-07 00:59:46,583:INFO:              plotly: 5.24.1
2025-04-07 00:59:46,583:INFO:    plotly-resampler: Not installed
2025-04-07 00:59:46,583:INFO:             kaleido: 0.2.1
2025-04-07 00:59:46,583:INFO:           schemdraw: 0.15
2025-04-07 00:59:46,583:INFO:         statsmodels: 0.14.4
2025-04-07 00:59:46,583:INFO:              sktime: 0.26.0
2025-04-07 00:59:46,583:INFO:               tbats: 1.1.3
2025-04-07 00:59:46,583:INFO:            pmdarima: 2.0.4
2025-04-07 00:59:46,583:INFO:              psutil: 6.1.0
2025-04-07 00:59:46,583:INFO:          markupsafe: 3.0.2
2025-04-07 00:59:46,583:INFO:             pickle5: Not installed
2025-04-07 00:59:46,583:INFO:         cloudpickle: 3.1.1
2025-04-07 00:59:46,583:INFO:         deprecation: 2.1.0
2025-04-07 00:59:46,583:INFO:              xxhash: 3.5.0
2025-04-07 00:59:46,583:INFO:           wurlitzer: 3.1.1
2025-04-07 00:59:46,583:INFO:PyCaret optional dependencies:
2025-04-07 00:59:47,991:INFO:                shap: 0.44.1
2025-04-07 00:59:47,991:INFO:           interpret: 0.6.10
2025-04-07 00:59:47,991:INFO:                umap: 0.5.7
2025-04-07 00:59:47,991:INFO:     ydata_profiling: 4.12.0
2025-04-07 00:59:47,991:INFO:  explainerdashboard: 0.4.8
2025-04-07 00:59:47,991:INFO:             autoviz: 0.1.905
2025-04-07 00:59:47,991:INFO:           fairlearn: 0.7.0
2025-04-07 00:59:47,991:INFO:          deepchecks: Not installed
2025-04-07 00:59:47,991:INFO:             xgboost: 3.0.0
2025-04-07 00:59:47,991:INFO:            catboost: 1.1.1
2025-04-07 00:59:47,991:INFO:              kmodes: 0.12.2
2025-04-07 00:59:47,991:INFO:             mlxtend: 0.23.4
2025-04-07 00:59:47,991:INFO:       statsforecast: 1.5.0
2025-04-07 00:59:47,991:INFO:        tune_sklearn: 0.5.0
2025-04-07 00:59:47,992:INFO:                 ray: 2.44.1
2025-04-07 00:59:47,992:INFO:            hyperopt: 0.2.7
2025-04-07 00:59:47,992:INFO:              optuna: 4.1.0
2025-04-07 00:59:47,992:INFO:               skopt: 0.10.2
2025-04-07 00:59:47,992:INFO:              mlflow: 2.21.3
2025-04-07 00:59:47,992:INFO:              gradio: 5.23.3
2025-04-07 00:59:47,992:INFO:             fastapi: 0.115.12
2025-04-07 00:59:47,992:INFO:             uvicorn: 0.34.0
2025-04-07 00:59:47,992:INFO:              m2cgen: 0.10.0
2025-04-07 00:59:47,992:INFO:           evidently: 0.4.40
2025-04-07 00:59:47,992:INFO:               fugue: 0.8.7
2025-04-07 00:59:47,992:INFO:           streamlit: Not installed
2025-04-07 00:59:47,992:INFO:             prophet: Not installed
2025-04-07 00:59:47,992:INFO:None
2025-04-07 00:59:47,992:INFO:Set up data.
2025-04-07 00:59:47,998:INFO:Set up folding strategy.
2025-04-07 00:59:47,998:INFO:Set up train/test split.
2025-04-07 00:59:48,000:INFO:Set up index.
2025-04-07 00:59:48,000:INFO:Assigning column types.
2025-04-07 00:59:48,002:INFO:Engine successfully changes for model 'lr' to 'sklearn'.
2025-04-07 00:59:48,002:INFO:Engine for model 'lasso' has not been set explicitly, hence returning None.
2025-04-07 00:59:48,004:INFO:Engine for model 'ridge' has not been set explicitly, hence returning None.
2025-04-07 00:59:48,006:INFO:Engine for model 'en' has not been set explicitly, hence returning None.
2025-04-07 00:59:48,030:INFO:Engine for model 'svm' has not been set explicitly, hence returning None.
2025-04-07 00:59:48,048:INFO:Engine for model 'knn' has not been set explicitly, hence returning None.
2025-04-07 00:59:48,048:INFO:Soft dependency imported: xgboost: 3.0.0
2025-04-07 00:59:48,049:INFO:Soft dependency imported: catboost: 1.1.1
2025-04-07 00:59:48,098:INFO:Engine for model 'lasso' has not been set explicitly, hence returning None.
2025-04-07 00:59:48,100:INFO:Engine for model 'ridge' has not been set explicitly, hence returning None.
2025-04-07 00:59:48,102:INFO:Engine for model 'en' has not been set explicitly, hence returning None.
2025-04-07 00:59:48,124:INFO:Engine for model 'svm' has not been set explicitly, hence returning None.
2025-04-07 00:59:48,142:INFO:Engine for model 'knn' has not been set explicitly, hence returning None.
2025-04-07 00:59:48,142:INFO:Soft dependency imported: xgboost: 3.0.0
2025-04-07 00:59:48,143:INFO:Soft dependency imported: catboost: 1.1.1
2025-04-07 00:59:48,143:INFO:Engine successfully changes for model 'lasso' to 'sklearn'.
2025-04-07 00:59:48,145:INFO:Engine for model 'ridge' has not been set explicitly, hence returning None.
2025-04-07 00:59:48,147:INFO:Engine for model 'en' has not been set explicitly, hence returning None.
2025-04-07 00:59:48,170:INFO:Engine for model 'svm' has not been set explicitly, hence returning None.
2025-04-07 00:59:48,188:INFO:Engine for model 'knn' has not been set explicitly, hence returning None.
2025-04-07 00:59:48,188:INFO:Soft dependency imported: xgboost: 3.0.0
2025-04-07 00:59:48,189:INFO:Soft dependency imported: catboost: 1.1.1
2025-04-07 00:59:48,191:INFO:Engine for model 'ridge' has not been set explicitly, hence returning None.
2025-04-07 00:59:48,193:INFO:Engine for model 'en' has not been set explicitly, hence returning None.
2025-04-07 00:59:48,216:INFO:Engine for model 'svm' has not been set explicitly, hence returning None.
2025-04-07 00:59:48,233:INFO:Engine for model 'knn' has not been set explicitly, hence returning None.
2025-04-07 00:59:48,234:INFO:Soft dependency imported: xgboost: 3.0.0
2025-04-07 00:59:48,235:INFO:Soft dependency imported: catboost: 1.1.1
2025-04-07 00:59:48,235:INFO:Engine successfully changes for model 'ridge' to 'sklearn'.
2025-04-07 00:59:48,238:INFO:Engine for model 'en' has not been set explicitly, hence returning None.
2025-04-07 00:59:48,262:INFO:Engine for model 'svm' has not been set explicitly, hence returning None.
2025-04-07 00:59:48,279:INFO:Engine for model 'knn' has not been set explicitly, hence returning None.
2025-04-07 00:59:48,280:INFO:Soft dependency imported: xgboost: 3.0.0
2025-04-07 00:59:48,281:INFO:Soft dependency imported: catboost: 1.1.1
2025-04-07 00:59:48,284:INFO:Engine for model 'en' has not been set explicitly, hence returning None.
2025-04-07 00:59:48,307:INFO:Engine for model 'svm' has not been set explicitly, hence returning None.
2025-04-07 00:59:48,325:INFO:Engine for model 'knn' has not been set explicitly, hence returning None.
2025-04-07 00:59:48,325:INFO:Soft dependency imported: xgboost: 3.0.0
2025-04-07 00:59:48,326:INFO:Soft dependency imported: catboost: 1.1.1
2025-04-07 00:59:48,326:INFO:Engine successfully changes for model 'en' to 'sklearn'.
2025-04-07 00:59:48,352:INFO:Engine for model 'svm' has not been set explicitly, hence returning None.
2025-04-07 00:59:48,370:INFO:Engine for model 'knn' has not been set explicitly, hence returning None.
2025-04-07 00:59:48,370:INFO:Soft dependency imported: xgboost: 3.0.0
2025-04-07 00:59:48,371:INFO:Soft dependency imported: catboost: 1.1.1
2025-04-07 00:59:48,397:INFO:Engine for model 'svm' has not been set explicitly, hence returning None.
2025-04-07 00:59:48,415:INFO:Engine for model 'knn' has not been set explicitly, hence returning None.
2025-04-07 00:59:48,415:INFO:Soft dependency imported: xgboost: 3.0.0
2025-04-07 00:59:48,416:INFO:Soft dependency imported: catboost: 1.1.1
2025-04-07 00:59:48,416:INFO:Engine successfully changes for model 'knn' to 'sklearn'.
2025-04-07 00:59:48,443:INFO:Engine for model 'svm' has not been set explicitly, hence returning None.
2025-04-07 00:59:48,461:INFO:Soft dependency imported: xgboost: 3.0.0
2025-04-07 00:59:48,462:INFO:Soft dependency imported: catboost: 1.1.1
2025-04-07 00:59:48,488:INFO:Engine for model 'svm' has not been set explicitly, hence returning None.
2025-04-07 00:59:48,506:INFO:Soft dependency imported: xgboost: 3.0.0
2025-04-07 00:59:48,507:INFO:Soft dependency imported: catboost: 1.1.1
2025-04-07 00:59:48,507:INFO:Engine successfully changes for model 'svm' to 'sklearn'.
2025-04-07 00:59:48,551:INFO:Soft dependency imported: xgboost: 3.0.0
2025-04-07 00:59:48,552:INFO:Soft dependency imported: catboost: 1.1.1
2025-04-07 00:59:48,596:INFO:Soft dependency imported: xgboost: 3.0.0
2025-04-07 00:59:48,597:INFO:Soft dependency imported: catboost: 1.1.1
2025-04-07 00:59:48,601:INFO:Preparing preprocessing pipeline...
2025-04-07 00:59:48,601:INFO:Set up simple imputation.
2025-04-07 00:59:48,601:INFO:Set up feature normalization.
2025-04-07 00:59:48,612:INFO:Finished creating preprocessing pipeline.
2025-04-07 00:59:48,614:INFO:Pipeline: Pipeline(memory=FastMemory(location=/var/folders/v9/v9j8bf6j2r5cr97thvfgxxyh0000gn/T/joblib),
         steps=[('numerical_imputer',
                 TransformerWrapper(include=['CRIM', 'ZN', 'INDUS', 'CHAS',
                                             'NOX', 'RM', 'AGE', 'DIS', 'RAD',
                                             'TAX', 'PTRATIO', 'B', 'LSTAT'],
                                    transformer=SimpleImputer())),
                ('categorical_imputer',
                 TransformerWrapper(include=[],
                                    transformer=SimpleImputer(strategy='most_frequent'))),
                ('normalize',
                 TransformerWrapper(transformer=StandardScaler()))])
2025-04-07 00:59:48,614:INFO:Creating final display dataframe.
2025-04-07 00:59:48,648:INFO:Setup _display_container:                     Description             Value
0                    Session id               100
1                        Target             price
2                   Target type        Regression
3           Original data shape         (506, 14)
4        Transformed data shape         (506, 14)
5   Transformed train set shape         (404, 14)
6    Transformed test set shape         (102, 14)
7              Numeric features                13
8                    Preprocess              True
9               Imputation type            simple
10           Numeric imputation              mean
11       Categorical imputation              mode
12                    Normalize              True
13             Normalize method            zscore
14               Fold Generator             KFold
15                  Fold Number                 5
16                     CPU Jobs                -1
17                      Use GPU             False
18               Log Experiment             False
19              Experiment Name  reg-default-name
20                          USI              1e20
2025-04-07 00:59:48,746:INFO:Soft dependency imported: xgboost: 3.0.0
2025-04-07 00:59:48,747:INFO:Soft dependency imported: catboost: 1.1.1
2025-04-07 00:59:48,793:INFO:Soft dependency imported: xgboost: 3.0.0
2025-04-07 00:59:48,794:INFO:Soft dependency imported: catboost: 1.1.1
2025-04-07 00:59:48,794:INFO:setup() successfully completed in 2.73s...............
2025-04-07 00:59:53,976:INFO:Initializing create_model()
2025-04-07 00:59:53,977:INFO:create_model(self=<pycaret.regression.oop.RegressionExperiment object at 0x310f3f5b0>, estimator=lr, fold=None, round=4, cross_validation=True, predict=True, fit_kwargs=None, groups=None, refit=True, probability_threshold=None, experiment_custom_tags=None, verbose=True, system=True, add_to_model_list=True, metrics=None, display=None, model_only=True, return_train_score=False, error_score=0.0, kwargs={})
2025-04-07 00:59:53,977:INFO:Checking exceptions
2025-04-07 00:59:54,075:INFO:Importing libraries
2025-04-07 00:59:54,076:INFO:Copying training dataset
2025-04-07 00:59:54,080:INFO:Defining folds
2025-04-07 00:59:54,080:INFO:Declaring metric variables
2025-04-07 00:59:54,082:INFO:Importing untrained model
2025-04-07 00:59:54,084:INFO:Linear Regression Imported successfully
2025-04-07 00:59:54,088:INFO:Starting cross validation
2025-04-07 00:59:54,093:INFO:Cross validating with KFold(n_splits=5, random_state=None, shuffle=False), n_jobs=-1
2025-04-07 00:59:58,042:INFO:Calculating mean and std
2025-04-07 00:59:58,048:INFO:Creating metrics dataframe
2025-04-07 00:59:58,069:INFO:Finalizing model
2025-04-07 00:59:58,094:INFO:Uploading results into container
2025-04-07 00:59:58,095:INFO:Uploading model into container now
2025-04-07 00:59:58,111:INFO:_master_model_container: 1
2025-04-07 00:59:58,111:INFO:_display_container: 2
2025-04-07 00:59:58,112:INFO:LinearRegression(n_jobs=-1)
2025-04-07 00:59:58,112:INFO:create_model() successfully completed......................................
2025-04-07 01:05:03,100:WARNING:
'cuml' is a soft dependency and not included in the pycaret installation. Please run: `pip install cuml` to install.
2025-04-07 01:05:03,100:WARNING:
'cuml' is a soft dependency and not included in the pycaret installation. Please run: `pip install cuml` to install.
2025-04-07 01:05:03,100:WARNING:
'cuml' is a soft dependency and not included in the pycaret installation. Please run: `pip install cuml` to install.
2025-04-07 01:05:03,100:WARNING:
'cuml' is a soft dependency and not included in the pycaret installation. Please run: `pip install cuml` to install.
2025-04-07 01:05:04,623:INFO:PyCaret RegressionExperiment
2025-04-07 01:05:04,623:INFO:Logging name: reg-default-name
2025-04-07 01:05:04,623:INFO:ML Usecase: MLUsecase.REGRESSION
2025-04-07 01:05:04,623:INFO:version 3.3.2
2025-04-07 01:05:04,623:INFO:Initializing setup()
2025-04-07 01:05:04,623:INFO:self.USI: b5b9
2025-04-07 01:05:04,623:INFO:self._variable_keys: {'fold_generator', 'html_param', 'data', 'idx', 'exp_id', 'y_train', 'pipeline', 'USI', 'X_train', 'y_test', 'n_jobs_param', 'memory', 'y', 'seed', 'X_test', 'gpu_n_jobs_param', 'transform_target_param', '_available_plots', 'X', 'logging_param', 'fold_shuffle_param', '_ml_usecase', 'exp_name_log', 'gpu_param', 'target_param', 'fold_groups_param', 'log_plots_param'}
2025-04-07 01:05:04,624:INFO:Checking environment
2025-04-07 01:05:04,624:INFO:python_version: 3.10.13
2025-04-07 01:05:04,624:INFO:python_build: ('main', 'Dec 23 2023 15:35:25')
2025-04-07 01:05:04,624:INFO:machine: arm64
2025-04-07 01:05:04,624:INFO:platform: macOS-15.4-arm64-arm-64bit
2025-04-07 01:05:04,624:INFO:Memory: svmem(total=8589934592, available=1885405184, percent=78.1, used=3629203456, free=75153408, active=1821196288, inactive=1731231744, wired=1808007168)
2025-04-07 01:05:04,624:INFO:Physical Core: 8
2025-04-07 01:05:04,624:INFO:Logical Core: 8
2025-04-07 01:05:04,624:INFO:Checking libraries
2025-04-07 01:05:04,624:INFO:System:
2025-04-07 01:05:04,624:INFO:    python: 3.10.13 | packaged by conda-forge | (main, Dec 23 2023, 15:35:25) [Clang 16.0.6 ]
2025-04-07 01:05:04,624:INFO:executable: /Users/teslim/anaconda3/envs/machine-learning-env/bin/python
2025-04-07 01:05:04,624:INFO:   machine: macOS-15.4-arm64-arm-64bit
2025-04-07 01:05:04,624:INFO:PyCaret required dependencies:
2025-04-07 01:05:05,024:INFO:                 pip: 24.3.1
2025-04-07 01:05:05,024:INFO:          setuptools: 75.6.0
2025-04-07 01:05:05,024:INFO:             pycaret: 3.3.2
2025-04-07 01:05:05,024:INFO:             IPython: 8.30.0
2025-04-07 01:05:05,024:INFO:          ipywidgets: 8.1.5
2025-04-07 01:05:05,024:INFO:                tqdm: 4.67.1
2025-04-07 01:05:05,024:INFO:               numpy: 1.26.4
2025-04-07 01:05:05,024:INFO:              pandas: 2.1.4
2025-04-07 01:05:05,024:INFO:              jinja2: 3.1.4
2025-04-07 01:05:05,024:INFO:               scipy: 1.11.4
2025-04-07 01:05:05,024:INFO:              joblib: 1.3.2
2025-04-07 01:05:05,024:INFO:             sklearn: 1.4.2
2025-04-07 01:05:05,024:INFO:                pyod: 2.0.3
2025-04-07 01:05:05,024:INFO:            imblearn: 0.12.4
2025-04-07 01:05:05,024:INFO:   category_encoders: 2.6.4
2025-04-07 01:05:05,024:INFO:            lightgbm: 4.5.0
2025-04-07 01:05:05,024:INFO:               numba: 0.60.0
2025-04-07 01:05:05,025:INFO:            requests: 2.32.3
2025-04-07 01:05:05,025:INFO:          matplotlib: 3.7.5
2025-04-07 01:05:05,025:INFO:          scikitplot: 0.3.7
2025-04-07 01:05:05,025:INFO:         yellowbrick: 1.5
2025-04-07 01:05:05,025:INFO:              plotly: 5.24.1
2025-04-07 01:05:05,025:INFO:    plotly-resampler: Not installed
2025-04-07 01:05:05,025:INFO:             kaleido: 0.2.1
2025-04-07 01:05:05,025:INFO:           schemdraw: 0.15
2025-04-07 01:05:05,025:INFO:         statsmodels: 0.14.4
2025-04-07 01:05:05,025:INFO:              sktime: 0.26.0
2025-04-07 01:05:05,025:INFO:               tbats: 1.1.3
2025-04-07 01:05:05,025:INFO:            pmdarima: 2.0.4
2025-04-07 01:05:05,025:INFO:              psutil: 6.1.0
2025-04-07 01:05:05,025:INFO:          markupsafe: 3.0.2
2025-04-07 01:05:05,025:INFO:             pickle5: Not installed
2025-04-07 01:05:05,025:INFO:         cloudpickle: 3.1.1
2025-04-07 01:05:05,025:INFO:         deprecation: 2.1.0
2025-04-07 01:05:05,025:INFO:              xxhash: 3.5.0
2025-04-07 01:05:05,025:INFO:           wurlitzer: 3.1.1
2025-04-07 01:05:05,025:INFO:PyCaret optional dependencies:
2025-04-07 01:05:06,288:INFO:                shap: 0.44.1
2025-04-07 01:05:06,288:INFO:           interpret: 0.6.10
2025-04-07 01:05:06,288:INFO:                umap: 0.5.7
2025-04-07 01:05:06,288:INFO:     ydata_profiling: 4.12.0
2025-04-07 01:05:06,288:INFO:  explainerdashboard: 0.4.8
2025-04-07 01:05:06,288:INFO:             autoviz: 0.1.905
2025-04-07 01:05:06,288:INFO:           fairlearn: 0.7.0
2025-04-07 01:05:06,288:INFO:          deepchecks: Not installed
2025-04-07 01:05:06,288:INFO:             xgboost: 3.0.0
2025-04-07 01:05:06,288:INFO:            catboost: 1.1.1
2025-04-07 01:05:06,288:INFO:              kmodes: 0.12.2
2025-04-07 01:05:06,288:INFO:             mlxtend: 0.23.4
2025-04-07 01:05:06,288:INFO:       statsforecast: 1.5.0
2025-04-07 01:05:06,288:INFO:        tune_sklearn: 0.5.0
2025-04-07 01:05:06,288:INFO:                 ray: 2.44.1
2025-04-07 01:05:06,288:INFO:            hyperopt: 0.2.7
2025-04-07 01:05:06,288:INFO:              optuna: 4.1.0
2025-04-07 01:05:06,288:INFO:               skopt: 0.10.2
2025-04-07 01:05:06,288:INFO:              mlflow: 2.21.3
2025-04-07 01:05:06,288:INFO:              gradio: 5.23.3
2025-04-07 01:05:06,288:INFO:             fastapi: 0.115.12
2025-04-07 01:05:06,288:INFO:             uvicorn: 0.34.0
2025-04-07 01:05:06,288:INFO:              m2cgen: 0.10.0
2025-04-07 01:05:06,288:INFO:           evidently: 0.4.40
2025-04-07 01:05:06,288:INFO:               fugue: 0.8.7
2025-04-07 01:05:06,288:INFO:           streamlit: Not installed
2025-04-07 01:05:06,288:INFO:             prophet: Not installed
2025-04-07 01:05:06,288:INFO:None
2025-04-07 01:05:06,288:INFO:Set up data.
2025-04-07 01:05:06,292:INFO:Set up folding strategy.
2025-04-07 01:05:06,292:INFO:Set up train/test split.
2025-04-07 01:05:06,294:INFO:Set up index.
2025-04-07 01:05:06,295:INFO:Assigning column types.
2025-04-07 01:05:06,297:INFO:Engine successfully changes for model 'lr' to 'sklearn'.
2025-04-07 01:05:06,297:INFO:Engine for model 'lasso' has not been set explicitly, hence returning None.
2025-04-07 01:05:06,299:INFO:Engine for model 'ridge' has not been set explicitly, hence returning None.
2025-04-07 01:05:06,300:INFO:Engine for model 'en' has not been set explicitly, hence returning None.
2025-04-07 01:05:06,323:INFO:Engine for model 'svm' has not been set explicitly, hence returning None.
2025-04-07 01:05:06,340:INFO:Engine for model 'knn' has not been set explicitly, hence returning None.
2025-04-07 01:05:06,341:INFO:Soft dependency imported: xgboost: 3.0.0
2025-04-07 01:05:06,342:INFO:Soft dependency imported: catboost: 1.1.1
2025-04-07 01:05:06,382:INFO:Engine for model 'lasso' has not been set explicitly, hence returning None.
2025-04-07 01:05:06,383:INFO:Engine for model 'ridge' has not been set explicitly, hence returning None.
2025-04-07 01:05:06,385:INFO:Engine for model 'en' has not been set explicitly, hence returning None.
2025-04-07 01:05:06,408:INFO:Engine for model 'svm' has not been set explicitly, hence returning None.
2025-04-07 01:05:06,426:INFO:Engine for model 'knn' has not been set explicitly, hence returning None.
2025-04-07 01:05:06,426:INFO:Soft dependency imported: xgboost: 3.0.0
2025-04-07 01:05:06,427:INFO:Soft dependency imported: catboost: 1.1.1
2025-04-07 01:05:06,427:INFO:Engine successfully changes for model 'lasso' to 'sklearn'.
2025-04-07 01:05:06,429:INFO:Engine for model 'ridge' has not been set explicitly, hence returning None.
2025-04-07 01:05:06,431:INFO:Engine for model 'en' has not been set explicitly, hence returning None.
2025-04-07 01:05:06,453:INFO:Engine for model 'svm' has not been set explicitly, hence returning None.
2025-04-07 01:05:06,471:INFO:Engine for model 'knn' has not been set explicitly, hence returning None.
2025-04-07 01:05:06,471:INFO:Soft dependency imported: xgboost: 3.0.0
2025-04-07 01:05:06,472:INFO:Soft dependency imported: catboost: 1.1.1
2025-04-07 01:05:06,474:INFO:Engine for model 'ridge' has not been set explicitly, hence returning None.
2025-04-07 01:05:06,476:INFO:Engine for model 'en' has not been set explicitly, hence returning None.
2025-04-07 01:05:06,498:INFO:Engine for model 'svm' has not been set explicitly, hence returning None.
2025-04-07 01:05:06,516:INFO:Engine for model 'knn' has not been set explicitly, hence returning None.
2025-04-07 01:05:06,516:INFO:Soft dependency imported: xgboost: 3.0.0
2025-04-07 01:05:06,517:INFO:Soft dependency imported: catboost: 1.1.1
2025-04-07 01:05:06,517:INFO:Engine successfully changes for model 'ridge' to 'sklearn'.
2025-04-07 01:05:06,521:INFO:Engine for model 'en' has not been set explicitly, hence returning None.
2025-04-07 01:05:06,543:INFO:Engine for model 'svm' has not been set explicitly, hence returning None.
2025-04-07 01:05:06,561:INFO:Engine for model 'knn' has not been set explicitly, hence returning None.
2025-04-07 01:05:06,561:INFO:Soft dependency imported: xgboost: 3.0.0
2025-04-07 01:05:06,562:INFO:Soft dependency imported: catboost: 1.1.1
2025-04-07 01:05:06,566:INFO:Engine for model 'en' has not been set explicitly, hence returning None.
2025-04-07 01:05:06,590:INFO:Engine for model 'svm' has not been set explicitly, hence returning None.
2025-04-07 01:05:06,608:INFO:Engine for model 'knn' has not been set explicitly, hence returning None.
2025-04-07 01:05:06,608:INFO:Soft dependency imported: xgboost: 3.0.0
2025-04-07 01:05:06,609:INFO:Soft dependency imported: catboost: 1.1.1
2025-04-07 01:05:06,610:INFO:Engine successfully changes for model 'en' to 'sklearn'.
2025-04-07 01:05:06,637:INFO:Engine for model 'svm' has not been set explicitly, hence returning None.
2025-04-07 01:05:06,655:INFO:Engine for model 'knn' has not been set explicitly, hence returning None.
2025-04-07 01:05:06,655:INFO:Soft dependency imported: xgboost: 3.0.0
2025-04-07 01:05:06,656:INFO:Soft dependency imported: catboost: 1.1.1
2025-04-07 01:05:06,683:INFO:Engine for model 'svm' has not been set explicitly, hence returning None.
2025-04-07 01:05:06,700:INFO:Engine for model 'knn' has not been set explicitly, hence returning None.
2025-04-07 01:05:06,700:INFO:Soft dependency imported: xgboost: 3.0.0
2025-04-07 01:05:06,701:INFO:Soft dependency imported: catboost: 1.1.1
2025-04-07 01:05:06,702:INFO:Engine successfully changes for model 'knn' to 'sklearn'.
2025-04-07 01:05:06,730:INFO:Engine for model 'svm' has not been set explicitly, hence returning None.
2025-04-07 01:05:06,749:INFO:Soft dependency imported: xgboost: 3.0.0
2025-04-07 01:05:06,750:INFO:Soft dependency imported: catboost: 1.1.1
2025-04-07 01:05:06,863:INFO:Engine for model 'svm' has not been set explicitly, hence returning None.
2025-04-07 01:05:06,882:INFO:Soft dependency imported: xgboost: 3.0.0
2025-04-07 01:05:06,883:INFO:Soft dependency imported: catboost: 1.1.1
2025-04-07 01:05:06,883:INFO:Engine successfully changes for model 'svm' to 'sklearn'.
2025-04-07 01:05:06,927:INFO:Soft dependency imported: xgboost: 3.0.0
2025-04-07 01:05:06,928:INFO:Soft dependency imported: catboost: 1.1.1
2025-04-07 01:05:06,973:INFO:Soft dependency imported: xgboost: 3.0.0
2025-04-07 01:05:06,974:INFO:Soft dependency imported: catboost: 1.1.1
2025-04-07 01:05:06,976:INFO:Preparing preprocessing pipeline...
2025-04-07 01:05:06,976:INFO:Set up simple imputation.
2025-04-07 01:05:06,976:INFO:Set up feature normalization.
2025-04-07 01:05:06,987:INFO:Finished creating preprocessing pipeline.
2025-04-07 01:05:06,989:INFO:Pipeline: Pipeline(memory=FastMemory(location=/var/folders/v9/v9j8bf6j2r5cr97thvfgxxyh0000gn/T/joblib),
         steps=[('numerical_imputer',
                 TransformerWrapper(include=['CRIM', 'ZN', 'INDUS', 'CHAS',
                                             'NOX', 'RM', 'AGE', 'DIS', 'RAD',
                                             'TAX', 'PTRATIO', 'B', 'LSTAT'],
                                    transformer=SimpleImputer())),
                ('categorical_imputer',
                 TransformerWrapper(include=[],
                                    transformer=SimpleImputer(strategy='most_frequent'))),
                ('normalize',
                 TransformerWrapper(transformer=StandardScaler()))])
2025-04-07 01:05:06,989:INFO:Creating final display dataframe.
2025-04-07 01:05:07,023:INFO:Setup _display_container:                     Description             Value
0                    Session id               100
1                        Target             price
2                   Target type        Regression
3           Original data shape         (506, 14)
4        Transformed data shape         (506, 14)
5   Transformed train set shape         (404, 14)
6    Transformed test set shape         (102, 14)
7              Numeric features                13
8                    Preprocess              True
9               Imputation type            simple
10           Numeric imputation              mean
11       Categorical imputation              mode
12                    Normalize              True
13             Normalize method            zscore
14               Fold Generator             KFold
15                  Fold Number                 5
16                     CPU Jobs                -1
17                      Use GPU             False
18               Log Experiment             False
19              Experiment Name  reg-default-name
20                          USI              b5b9
2025-04-07 01:05:07,076:INFO:Soft dependency imported: xgboost: 3.0.0
2025-04-07 01:05:07,077:INFO:Soft dependency imported: catboost: 1.1.1
2025-04-07 01:05:07,123:INFO:Soft dependency imported: xgboost: 3.0.0
2025-04-07 01:05:07,124:INFO:Soft dependency imported: catboost: 1.1.1
2025-04-07 01:05:07,124:INFO:setup() successfully completed in 2.5s...............
2025-04-07 01:05:12,538:INFO:Initializing create_model()
2025-04-07 01:05:12,539:INFO:create_model(self=<pycaret.regression.oop.RegressionExperiment object at 0x177925540>, estimator=lr, fold=None, round=4, cross_validation=True, predict=True, fit_kwargs=None, groups=None, refit=True, probability_threshold=None, experiment_custom_tags=None, verbose=True, system=True, add_to_model_list=True, metrics=None, display=None, model_only=True, return_train_score=False, error_score=0.0, kwargs={})
2025-04-07 01:05:12,539:INFO:Checking exceptions
2025-04-07 01:05:12,635:INFO:Importing libraries
2025-04-07 01:05:12,635:INFO:Copying training dataset
2025-04-07 01:05:12,641:INFO:Defining folds
2025-04-07 01:05:12,641:INFO:Declaring metric variables
2025-04-07 01:05:12,646:INFO:Importing untrained model
2025-04-07 01:05:12,648:INFO:Linear Regression Imported successfully
2025-04-07 01:05:12,655:INFO:Starting cross validation
2025-04-07 01:05:12,685:INFO:Cross validating with KFold(n_splits=5, random_state=None, shuffle=False), n_jobs=-1
2025-04-07 01:05:16,551:INFO:Calculating mean and std
2025-04-07 01:05:16,556:INFO:Creating metrics dataframe
2025-04-07 01:05:16,565:INFO:Finalizing model
2025-04-07 01:05:16,583:INFO:Uploading results into container
2025-04-07 01:05:16,584:INFO:Uploading model into container now
2025-04-07 01:05:16,590:INFO:_master_model_container: 1
2025-04-07 01:05:16,590:INFO:_display_container: 2
2025-04-07 01:05:16,590:INFO:LinearRegression(n_jobs=-1)
2025-04-07 01:05:16,591:INFO:create_model() successfully completed......................................
2025-04-07 01:05:28,496:INFO:Initializing plot_model()
2025-04-07 01:05:28,497:INFO:plot_model(plot=residuals, fold=None, verbose=True, display=None, display_format=None, estimator=LinearRegression(n_jobs=-1), feature_name=None, fit_kwargs=None, groups=None, label=False, plot_kwargs=None, save=False, scale=1, self=<pycaret.regression.oop.RegressionExperiment object at 0x177925540>, system=True)
2025-04-07 01:05:28,498:INFO:Checking exceptions
2025-04-07 01:05:28,547:INFO:Preloading libraries
2025-04-07 01:05:28,547:INFO:Copying training dataset
2025-04-07 01:05:28,547:INFO:Plot type: residuals
2025-04-07 01:05:28,627:INFO:Fitting Model
2025-04-07 01:05:28,644:INFO:Scoring test/hold-out set
2025-04-07 01:05:28,972:INFO:Visual Rendered Successfully
2025-04-07 01:05:29,135:INFO:plot_model() successfully completed......................................
2025-04-07 01:05:41,310:INFO:Initializing plot_model()
2025-04-07 01:05:41,310:INFO:plot_model(plot=feature, fold=None, verbose=True, display=None, display_format=None, estimator=LinearRegression(n_jobs=-1), feature_name=None, fit_kwargs=None, groups=None, label=False, plot_kwargs=None, save=False, scale=1, self=<pycaret.regression.oop.RegressionExperiment object at 0x177925540>, system=True)
2025-04-07 01:05:41,311:INFO:Checking exceptions
2025-04-07 01:05:41,328:INFO:Preloading libraries
2025-04-07 01:05:41,328:INFO:Copying training dataset
2025-04-07 01:05:41,328:INFO:Plot type: feature
2025-04-07 01:05:41,454:INFO:Visual Rendered Successfully
2025-04-07 01:05:41,584:INFO:plot_model() successfully completed......................................
2025-04-07 01:05:52,461:INFO:Initializing plot_model()
2025-04-07 01:05:52,462:INFO:plot_model(plot=error, fold=None, verbose=True, display=None, display_format=None, estimator=LinearRegression(n_jobs=-1), feature_name=None, fit_kwargs=None, groups=None, label=False, plot_kwargs=None, save=False, scale=1, self=<pycaret.regression.oop.RegressionExperiment object at 0x177925540>, system=True)
2025-04-07 01:05:52,462:INFO:Checking exceptions
2025-04-07 01:05:52,470:INFO:Preloading libraries
2025-04-07 01:05:52,471:INFO:Copying training dataset
2025-04-07 01:05:52,471:INFO:Plot type: error
2025-04-07 01:05:52,515:INFO:Fitting Model
2025-04-07 01:05:52,515:INFO:Scoring test/hold-out set
2025-04-07 01:05:52,658:INFO:Visual Rendered Successfully
2025-04-07 01:05:52,826:INFO:plot_model() successfully completed......................................
2025-04-07 01:06:06,963:INFO:Initializing plot_model()
2025-04-07 01:06:06,964:INFO:plot_model(plot=feature, fold=None, verbose=True, display=None, display_format=None, estimator=LinearRegression(n_jobs=-1), feature_name=None, fit_kwargs=None, groups=None, label=False, plot_kwargs=None, save=False, scale=1, self=<pycaret.regression.oop.RegressionExperiment object at 0x177925540>, system=True)
2025-04-07 01:06:06,964:INFO:Checking exceptions
2025-04-07 01:06:06,976:INFO:Preloading libraries
2025-04-07 01:06:06,976:INFO:Copying training dataset
2025-04-07 01:06:06,976:INFO:Plot type: feature
2025-04-07 01:06:07,105:INFO:Visual Rendered Successfully
2025-04-07 01:06:07,247:INFO:plot_model() successfully completed......................................
2025-04-07 01:06:19,803:INFO:Initializing plot_model()
2025-04-07 01:06:19,804:INFO:plot_model(plot=vc, fold=None, verbose=True, display=None, display_format=None, estimator=LinearRegression(n_jobs=-1), feature_name=None, fit_kwargs=None, groups=None, label=False, plot_kwargs=None, save=False, scale=1, self=<pycaret.regression.oop.RegressionExperiment object at 0x177925540>, system=True)
2025-04-07 01:06:19,804:INFO:Checking exceptions
2025-04-07 01:06:19,814:INFO:Preloading libraries
2025-04-07 01:06:19,815:INFO:Copying training dataset
2025-04-07 01:06:19,815:INFO:Plot type: vc
2025-04-07 01:06:19,818:INFO:Determining param_name
2025-04-07 01:06:44,760:INFO:Initializing plot_model()
2025-04-07 01:06:44,761:INFO:plot_model(plot=residuals, fold=None, verbose=True, display=None, display_format=None, estimator=LinearRegression(n_jobs=-1), feature_name=None, fit_kwargs=None, groups=None, label=False, plot_kwargs=None, save=False, scale=1, self=<pycaret.regression.oop.RegressionExperiment object at 0x177925540>, system=True)
2025-04-07 01:06:44,762:INFO:Checking exceptions
2025-04-07 01:06:44,777:INFO:Preloading libraries
2025-04-07 01:06:44,777:INFO:Copying training dataset
2025-04-07 01:06:44,777:INFO:Plot type: residuals
2025-04-07 01:06:44,888:INFO:Fitting Model
2025-04-07 01:06:44,906:INFO:Scoring test/hold-out set
2025-04-07 01:06:45,114:INFO:Visual Rendered Successfully
2025-04-07 01:06:45,303:INFO:plot_model() successfully completed......................................
2025-04-07 01:07:47,374:INFO:Initializing plot_model()
2025-04-07 01:07:47,377:INFO:plot_model(plot=learning, fold=None, verbose=True, display=None, display_format=None, estimator=LinearRegression(n_jobs=-1), feature_name=None, fit_kwargs=None, groups=None, label=False, plot_kwargs=None, save=False, scale=1, self=<pycaret.regression.oop.RegressionExperiment object at 0x177925540>, system=True)
2025-04-07 01:07:47,377:INFO:Checking exceptions
2025-04-07 01:07:47,406:INFO:Preloading libraries
2025-04-07 01:07:47,408:INFO:Copying training dataset
2025-04-07 01:07:47,408:INFO:Plot type: learning
2025-04-07 01:07:47,501:INFO:Fitting Model
2025-04-07 01:07:48,810:INFO:Visual Rendered Successfully
2025-04-07 01:07:49,024:INFO:plot_model() successfully completed......................................
2025-04-07 01:09:39,783:INFO:Initializing predict_model()
2025-04-07 01:09:39,785:INFO:predict_model(self=<pycaret.regression.oop.RegressionExperiment object at 0x177925540>, estimator=LinearRegression(n_jobs=-1), probability_threshold=None, encoded_labels=False, raw_score=False, round=4, verbose=True, ml_usecase=None, preprocess=True, encode_labels=<function _SupervisedExperiment.predict_model.<locals>.encode_labels at 0x3073300d0>)
2025-04-07 01:09:39,785:INFO:Checking exceptions
2025-04-07 01:09:39,785:INFO:Preloading libraries
